<?xml version="1.0" encoding="UTF-8"?>
<!DOCTYPE coverage SYSTEM "http://cobertura.sourceforge.net/xml/coverage-04.dtd">
<coverage line-rate="0.79855930023154" branch-rate="0" lines-covered="3104" lines-valid="3887" branches-covered="0" branches-valid="0" complexity="1020" version="0.4" timestamp="1710437890">
  <sources>
    <source>/app/src</source>
  </sources>
  <packages>
    <package name="Http/Controllers/BacklogController.php" line-rate="0.8972972972973" branch-rate="0" complexity="40">
      <classes>
        <class name="Playground\Matrix\Resource\Http\Controllers\BacklogController" filename="Http/Controllers/BacklogController.php" line-rate="0.8972972972973" branch-rate="0" complexity="40">
          <methods>
            <method name="create" signature="Playground\Matrix\Resource\Http\Requests\Backlog\CreateRequest $request" line-rate="1" branch-rate="0" complexity="4">
              <lines>
                <line number="61" hits="3"/>
                <line number="63" hits="3"/>
                <line number="65" hits="3"/>
                <line number="67" hits="3"/>
                <line number="68" hits="3"/>
                <line number="69" hits="3"/>
                <line number="70" hits="3"/>
                <line number="71" hits="3"/>
                <line number="72" hits="3"/>
                <line number="73" hits="3"/>
                <line number="75" hits="3"/>
                <line number="76" hits="3"/>
                <line number="78" hits="3"/>
                <line number="79" hits="3"/>
                <line number="80" hits="3"/>
                <line number="81" hits="3"/>
                <line number="82" hits="3"/>
                <line number="84" hits="3"/>
                <line number="85" hits="1"/>
                <line number="88" hits="2"/>
                <line number="90" hits="2"/>
                <line number="91" hits="1"/>
                <line number="92" hits="1"/>
                <line number="95" hits="2"/>
                <line number="96" hits="2"/>
                <line number="99" hits="2"/>
              </lines>
            </method>
            <method name="edit" signature="Playground\Matrix\Models\Backlog $backlog, Playground\Matrix\Resource\Http\Requests\Backlog\EditRequest $request" line-rate="1" branch-rate="0" complexity="3">
              <lines>
                <line number="111" hits="3"/>
                <line number="113" hits="3"/>
                <line number="115" hits="3"/>
                <line number="116" hits="3"/>
                <line number="117" hits="3"/>
                <line number="118" hits="3"/>
                <line number="119" hits="3"/>
                <line number="120" hits="3"/>
                <line number="121" hits="3"/>
                <line number="123" hits="3"/>
                <line number="124" hits="3"/>
                <line number="126" hits="3"/>
                <line number="127" hits="3"/>
                <line number="128" hits="3"/>
                <line number="129" hits="3"/>
                <line number="130" hits="3"/>
                <line number="132" hits="3"/>
                <line number="133" hits="1"/>
                <line number="136" hits="2"/>
                <line number="138" hits="2"/>
                <line number="139" hits="1"/>
                <line number="140" hits="1"/>
                <line number="143" hits="2"/>
                <line number="145" hits="2"/>
                <line number="146" hits="2"/>
                <line number="147" hits="2"/>
                <line number="148" hits="2"/>
              </lines>
            </method>
            <method name="destroy" signature="Playground\Matrix\Models\Backlog $backlog, Playground\Matrix\Resource\Http\Requests\Backlog\DestroyRequest $request" line-rate="1" branch-rate="0" complexity="5">
              <lines>
                <line number="160" hits="7"/>
                <line number="162" hits="7"/>
                <line number="163" hits="5"/>
                <line number="165" hits="2"/>
                <line number="168" hits="7"/>
                <line number="169" hits="4"/>
                <line number="172" hits="3"/>
                <line number="174" hits="3"/>
                <line number="175" hits="1"/>
                <line number="178" hits="2"/>
              </lines>
            </method>
            <method name="lock" signature="Playground\Matrix\Models\Backlog $backlog, Playground\Matrix\Resource\Http\Requests\Backlog\LockRequest $request" line-rate="1" branch-rate="0" complexity="4">
              <lines>
                <line number="190" hits="4"/>
                <line number="192" hits="4"/>
                <line number="194" hits="4"/>
                <line number="196" hits="4"/>
                <line number="198" hits="4"/>
                <line number="199" hits="4"/>
                <line number="200" hits="4"/>
                <line number="201" hits="4"/>
                <line number="202" hits="4"/>
                <line number="203" hits="4"/>
                <line number="206" hits="4"/>
                <line number="207" hits="2"/>
                <line number="210" hits="2"/>
                <line number="212" hits="2"/>
                <line number="213" hits="1"/>
                <line number="216" hits="1"/>
              </lines>
            </method>
            <method name="index" signature="Playground\Matrix\Resource\Http\Requests\Backlog\IndexRequest $request" line-rate="1" branch-rate="0" complexity="6">
              <lines>
                <line number="227" hits="4"/>
                <line number="229" hits="4"/>
                <line number="231" hits="4"/>
                <line number="233" hits="4"/>
                <line number="235" hits="4"/>
                <line number="236" hits="2"/>
                <line number="238" hits="2"/>
                <line number="239" hits="2"/>
                <line number="240" hits="2"/>
                <line number="241" hits="2"/>
                <line number="243" hits="2"/>
                <line number="244" hits="2"/>
                <line number="245" hits="2"/>
                <line number="246" hits="2"/>
                <line number="248" hits="2"/>
                <line number="249" hits="2"/>
                <line number="250" hits="2"/>
                <line number="251" hits="2"/>
                <line number="253" hits="2"/>
                <line number="254" hits="2"/>
                <line number="255" hits="2"/>
                <line number="256" hits="2"/>
                <line number="259" hits="4"/>
                <line number="260" hits="4"/>
                <line number="262" hits="4"/>
                <line number="264" hits="4"/>
                <line number="265" hits="2"/>
                <line number="268" hits="2"/>
                <line number="269" hits="2"/>
                <line number="270" hits="2"/>
                <line number="271" hits="2"/>
                <line number="272" hits="2"/>
                <line number="273" hits="2"/>
                <line number="274" hits="2"/>
                <line number="275" hits="2"/>
                <line number="276" hits="2"/>
                <line number="277" hits="2"/>
                <line number="278" hits="2"/>
                <line number="279" hits="2"/>
                <line number="281" hits="2"/>
                <line number="282" hits="2"/>
                <line number="283" hits="2"/>
                <line number="284" hits="2"/>
                <line number="286" hits="2"/>
                <line number="287" hits="2"/>
                <line number="288" hits="2"/>
                <line number="289" hits="2"/>
              </lines>
            </method>
            <method name="restore" signature="Playground\Matrix\Models\Backlog $backlog, Playground\Matrix\Resource\Http\Requests\Backlog\RestoreRequest $request" line-rate="1" branch-rate="0" complexity="4">
              <lines>
                <line number="301" hits="4"/>
                <line number="303" hits="4"/>
                <line number="305" hits="4"/>
                <line number="307" hits="4"/>
                <line number="308" hits="2"/>
                <line number="311" hits="2"/>
                <line number="313" hits="2"/>
                <line number="314" hits="1"/>
                <line number="317" hits="1"/>
              </lines>
            </method>
            <method name="show" signature="Playground\Matrix\Models\Backlog $backlog, Playground\Matrix\Resource\Http\Requests\Backlog\ShowRequest $request" line-rate="1" branch-rate="0" complexity="2">
              <lines>
                <line number="329" hits="2"/>
                <line number="331" hits="2"/>
                <line number="333" hits="2"/>
                <line number="334" hits="2"/>
                <line number="335" hits="2"/>
                <line number="336" hits="2"/>
                <line number="337" hits="2"/>
                <line number="338" hits="2"/>
                <line number="339" hits="2"/>
                <line number="341" hits="2"/>
                <line number="342" hits="1"/>
                <line number="345" hits="1"/>
                <line number="346" hits="1"/>
                <line number="348" hits="1"/>
                <line number="349" hits="1"/>
                <line number="350" hits="1"/>
                <line number="351" hits="1"/>
                <line number="353" hits="1"/>
                <line number="354" hits="1"/>
                <line number="355" hits="1"/>
                <line number="356" hits="1"/>
              </lines>
            </method>
            <method name="store" signature="Playground\Matrix\Resource\Http\Requests\Backlog\StoreRequest $request" line-rate="0" branch-rate="0" complexity="4">
              <lines>
                <line number="367" hits="0"/>
                <line number="369" hits="0"/>
                <line number="371" hits="0"/>
                <line number="373" hits="0"/>
                <line number="375" hits="0"/>
                <line number="376" hits="0"/>
                <line number="379" hits="0"/>
                <line number="381" hits="0"/>
                <line number="382" hits="0"/>
                <line number="385" hits="0"/>
              </lines>
            </method>
            <method name="unlock" signature="Playground\Matrix\Models\Backlog $backlog, Playground\Matrix\Resource\Http\Requests\Backlog\UnlockRequest $request" line-rate="1" branch-rate="0" complexity="4">
              <lines>
                <line number="397" hits="4"/>
                <line number="399" hits="4"/>
                <line number="401" hits="4"/>
                <line number="403" hits="4"/>
                <line number="405" hits="4"/>
                <line number="406" hits="2"/>
                <line number="409" hits="2"/>
                <line number="411" hits="2"/>
                <line number="412" hits="1"/>
                <line number="415" hits="1"/>
              </lines>
            </method>
            <method name="update" signature="Playground\Matrix\Models\Backlog $backlog, Playground\Matrix\Resource\Http\Requests\Backlog\UpdateRequest $request" line-rate="0" branch-rate="0" complexity="4">
              <lines>
                <line number="427" hits="0"/>
                <line number="429" hits="0"/>
                <line number="431" hits="0"/>
                <line number="433" hits="0"/>
                <line number="434" hits="0"/>
                <line number="437" hits="0"/>
                <line number="439" hits="0"/>
                <line number="440" hits="0"/>
                <line number="443" hits="0"/>
              </lines>
            </method>
          </methods>
          <lines>
            <line number="61" hits="3"/>
            <line number="63" hits="3"/>
            <line number="65" hits="3"/>
            <line number="67" hits="3"/>
            <line number="68" hits="3"/>
            <line number="69" hits="3"/>
            <line number="70" hits="3"/>
            <line number="71" hits="3"/>
            <line number="72" hits="3"/>
            <line number="73" hits="3"/>
            <line number="75" hits="3"/>
            <line number="76" hits="3"/>
            <line number="78" hits="3"/>
            <line number="79" hits="3"/>
            <line number="80" hits="3"/>
            <line number="81" hits="3"/>
            <line number="82" hits="3"/>
            <line number="84" hits="3"/>
            <line number="85" hits="1"/>
            <line number="88" hits="2"/>
            <line number="90" hits="2"/>
            <line number="91" hits="1"/>
            <line number="92" hits="1"/>
            <line number="95" hits="2"/>
            <line number="96" hits="2"/>
            <line number="99" hits="2"/>
            <line number="111" hits="3"/>
            <line number="113" hits="3"/>
            <line number="115" hits="3"/>
            <line number="116" hits="3"/>
            <line number="117" hits="3"/>
            <line number="118" hits="3"/>
            <line number="119" hits="3"/>
            <line number="120" hits="3"/>
            <line number="121" hits="3"/>
            <line number="123" hits="3"/>
            <line number="124" hits="3"/>
            <line number="126" hits="3"/>
            <line number="127" hits="3"/>
            <line number="128" hits="3"/>
            <line number="129" hits="3"/>
            <line number="130" hits="3"/>
            <line number="132" hits="3"/>
            <line number="133" hits="1"/>
            <line number="136" hits="2"/>
            <line number="138" hits="2"/>
            <line number="139" hits="1"/>
            <line number="140" hits="1"/>
            <line number="143" hits="2"/>
            <line number="145" hits="2"/>
            <line number="146" hits="2"/>
            <line number="147" hits="2"/>
            <line number="148" hits="2"/>
            <line number="160" hits="7"/>
            <line number="162" hits="7"/>
            <line number="163" hits="5"/>
            <line number="165" hits="2"/>
            <line number="168" hits="7"/>
            <line number="169" hits="4"/>
            <line number="172" hits="3"/>
            <line number="174" hits="3"/>
            <line number="175" hits="1"/>
            <line number="178" hits="2"/>
            <line number="190" hits="4"/>
            <line number="192" hits="4"/>
            <line number="194" hits="4"/>
            <line number="196" hits="4"/>
            <line number="198" hits="4"/>
            <line number="199" hits="4"/>
            <line number="200" hits="4"/>
            <line number="201" hits="4"/>
            <line number="202" hits="4"/>
            <line number="203" hits="4"/>
            <line number="206" hits="4"/>
            <line number="207" hits="2"/>
            <line number="210" hits="2"/>
            <line number="212" hits="2"/>
            <line number="213" hits="1"/>
            <line number="216" hits="1"/>
            <line number="227" hits="4"/>
            <line number="229" hits="4"/>
            <line number="231" hits="4"/>
            <line number="233" hits="4"/>
            <line number="235" hits="4"/>
            <line number="236" hits="2"/>
            <line number="238" hits="2"/>
            <line number="239" hits="2"/>
            <line number="240" hits="2"/>
            <line number="241" hits="2"/>
            <line number="243" hits="2"/>
            <line number="244" hits="2"/>
            <line number="245" hits="2"/>
            <line number="246" hits="2"/>
            <line number="248" hits="2"/>
            <line number="249" hits="2"/>
            <line number="250" hits="2"/>
            <line number="251" hits="2"/>
            <line number="253" hits="2"/>
            <line number="254" hits="2"/>
            <line number="255" hits="2"/>
            <line number="256" hits="2"/>
            <line number="259" hits="4"/>
            <line number="260" hits="4"/>
            <line number="262" hits="4"/>
            <line number="264" hits="4"/>
            <line number="265" hits="2"/>
            <line number="268" hits="2"/>
            <line number="269" hits="2"/>
            <line number="270" hits="2"/>
            <line number="271" hits="2"/>
            <line number="272" hits="2"/>
            <line number="273" hits="2"/>
            <line number="274" hits="2"/>
            <line number="275" hits="2"/>
            <line number="276" hits="2"/>
            <line number="277" hits="2"/>
            <line number="278" hits="2"/>
            <line number="279" hits="2"/>
            <line number="281" hits="2"/>
            <line number="282" hits="2"/>
            <line number="283" hits="2"/>
            <line number="284" hits="2"/>
            <line number="286" hits="2"/>
            <line number="287" hits="2"/>
            <line number="288" hits="2"/>
            <line number="289" hits="2"/>
            <line number="301" hits="4"/>
            <line number="303" hits="4"/>
            <line number="305" hits="4"/>
            <line number="307" hits="4"/>
            <line number="308" hits="2"/>
            <line number="311" hits="2"/>
            <line number="313" hits="2"/>
            <line number="314" hits="1"/>
            <line number="317" hits="1"/>
            <line number="329" hits="2"/>
            <line number="331" hits="2"/>
            <line number="333" hits="2"/>
            <line number="334" hits="2"/>
            <line number="335" hits="2"/>
            <line number="336" hits="2"/>
            <line number="337" hits="2"/>
            <line number="338" hits="2"/>
            <line number="339" hits="2"/>
            <line number="341" hits="2"/>
            <line number="342" hits="1"/>
            <line number="345" hits="1"/>
            <line number="346" hits="1"/>
            <line number="348" hits="1"/>
            <line number="349" hits="1"/>
            <line number="350" hits="1"/>
            <line number="351" hits="1"/>
            <line number="353" hits="1"/>
            <line number="354" hits="1"/>
            <line number="355" hits="1"/>
            <line number="356" hits="1"/>
            <line number="367" hits="0"/>
            <line number="369" hits="0"/>
            <line number="371" hits="0"/>
            <line number="373" hits="0"/>
            <line number="375" hits="0"/>
            <line number="376" hits="0"/>
            <line number="379" hits="0"/>
            <line number="381" hits="0"/>
            <line number="382" hits="0"/>
            <line number="385" hits="0"/>
            <line number="397" hits="4"/>
            <line number="399" hits="4"/>
            <line number="401" hits="4"/>
            <line number="403" hits="4"/>
            <line number="405" hits="4"/>
            <line number="406" hits="2"/>
            <line number="409" hits="2"/>
            <line number="411" hits="2"/>
            <line number="412" hits="1"/>
            <line number="415" hits="1"/>
            <line number="427" hits="0"/>
            <line number="429" hits="0"/>
            <line number="431" hits="0"/>
            <line number="433" hits="0"/>
            <line number="434" hits="0"/>
            <line number="437" hits="0"/>
            <line number="439" hits="0"/>
            <line number="440" hits="0"/>
            <line number="443" hits="0"/>
          </lines>
        </class>
      </classes>
    </package>
    <package name="Http/Controllers/BoardController.php" line-rate="0.89893617021277" branch-rate="0" complexity="40">
      <classes>
        <class name="Playground\Matrix\Resource\Http\Controllers\BoardController" filename="Http/Controllers/BoardController.php" line-rate="0.89893617021277" branch-rate="0" complexity="40">
          <methods>
            <method name="create" signature="Playground\Matrix\Resource\Http\Requests\Board\CreateRequest $request" line-rate="1" branch-rate="0" complexity="4">
              <lines>
                <line number="60" hits="3"/>
                <line number="62" hits="3"/>
                <line number="64" hits="3"/>
                <line number="66" hits="3"/>
                <line number="67" hits="3"/>
                <line number="68" hits="3"/>
                <line number="69" hits="3"/>
                <line number="70" hits="3"/>
                <line number="71" hits="3"/>
                <line number="72" hits="3"/>
                <line number="74" hits="3"/>
                <line number="75" hits="3"/>
                <line number="77" hits="3"/>
                <line number="78" hits="3"/>
                <line number="79" hits="3"/>
                <line number="80" hits="3"/>
                <line number="81" hits="3"/>
                <line number="83" hits="3"/>
                <line number="84" hits="1"/>
                <line number="87" hits="2"/>
                <line number="89" hits="2"/>
                <line number="90" hits="1"/>
                <line number="91" hits="1"/>
                <line number="94" hits="2"/>
                <line number="95" hits="2"/>
                <line number="98" hits="2"/>
                <line number="99" hits="2"/>
                <line number="100" hits="2"/>
                <line number="101" hits="2"/>
              </lines>
            </method>
            <method name="edit" signature="Playground\Matrix\Models\Board $board, Playground\Matrix\Resource\Http\Requests\Board\EditRequest $request" line-rate="1" branch-rate="0" complexity="3">
              <lines>
                <line number="113" hits="3"/>
                <line number="115" hits="3"/>
                <line number="117" hits="3"/>
                <line number="118" hits="3"/>
                <line number="119" hits="3"/>
                <line number="120" hits="3"/>
                <line number="121" hits="3"/>
                <line number="122" hits="3"/>
                <line number="123" hits="3"/>
                <line number="125" hits="3"/>
                <line number="126" hits="3"/>
                <line number="128" hits="3"/>
                <line number="129" hits="3"/>
                <line number="130" hits="3"/>
                <line number="131" hits="3"/>
                <line number="132" hits="3"/>
                <line number="134" hits="3"/>
                <line number="135" hits="1"/>
                <line number="138" hits="2"/>
                <line number="140" hits="2"/>
                <line number="141" hits="1"/>
                <line number="142" hits="1"/>
                <line number="145" hits="2"/>
                <line number="147" hits="2"/>
                <line number="148" hits="2"/>
                <line number="149" hits="2"/>
                <line number="150" hits="2"/>
              </lines>
            </method>
            <method name="destroy" signature="Playground\Matrix\Models\Board $board, Playground\Matrix\Resource\Http\Requests\Board\DestroyRequest $request" line-rate="1" branch-rate="0" complexity="5">
              <lines>
                <line number="162" hits="7"/>
                <line number="164" hits="7"/>
                <line number="165" hits="5"/>
                <line number="167" hits="2"/>
                <line number="170" hits="7"/>
                <line number="171" hits="4"/>
                <line number="174" hits="3"/>
                <line number="176" hits="3"/>
                <line number="177" hits="1"/>
                <line number="180" hits="2"/>
              </lines>
            </method>
            <method name="lock" signature="Playground\Matrix\Models\Board $board, Playground\Matrix\Resource\Http\Requests\Board\LockRequest $request" line-rate="1" branch-rate="0" complexity="4">
              <lines>
                <line number="192" hits="4"/>
                <line number="194" hits="4"/>
                <line number="196" hits="4"/>
                <line number="198" hits="4"/>
                <line number="200" hits="4"/>
                <line number="201" hits="4"/>
                <line number="202" hits="4"/>
                <line number="203" hits="4"/>
                <line number="204" hits="4"/>
                <line number="205" hits="4"/>
                <line number="207" hits="4"/>
                <line number="208" hits="2"/>
                <line number="211" hits="2"/>
                <line number="213" hits="2"/>
                <line number="214" hits="1"/>
                <line number="217" hits="1"/>
              </lines>
            </method>
            <method name="index" signature="Playground\Matrix\Resource\Http\Requests\Board\IndexRequest $request" line-rate="1" branch-rate="0" complexity="6">
              <lines>
                <line number="228" hits="4"/>
                <line number="230" hits="4"/>
                <line number="232" hits="4"/>
                <line number="234" hits="4"/>
                <line number="236" hits="4"/>
                <line number="237" hits="2"/>
                <line number="239" hits="2"/>
                <line number="240" hits="2"/>
                <line number="241" hits="2"/>
                <line number="242" hits="2"/>
                <line number="244" hits="2"/>
                <line number="245" hits="2"/>
                <line number="246" hits="2"/>
                <line number="247" hits="2"/>
                <line number="249" hits="2"/>
                <line number="250" hits="2"/>
                <line number="251" hits="2"/>
                <line number="252" hits="2"/>
                <line number="254" hits="2"/>
                <line number="255" hits="2"/>
                <line number="256" hits="2"/>
                <line number="257" hits="2"/>
                <line number="260" hits="4"/>
                <line number="261" hits="4"/>
                <line number="263" hits="4"/>
                <line number="265" hits="4"/>
                <line number="266" hits="2"/>
                <line number="269" hits="2"/>
                <line number="270" hits="2"/>
                <line number="271" hits="2"/>
                <line number="272" hits="2"/>
                <line number="273" hits="2"/>
                <line number="274" hits="2"/>
                <line number="275" hits="2"/>
                <line number="276" hits="2"/>
                <line number="277" hits="2"/>
                <line number="278" hits="2"/>
                <line number="279" hits="2"/>
                <line number="280" hits="2"/>
                <line number="282" hits="2"/>
                <line number="283" hits="2"/>
                <line number="284" hits="2"/>
                <line number="285" hits="2"/>
                <line number="287" hits="2"/>
                <line number="288" hits="2"/>
                <line number="289" hits="2"/>
                <line number="290" hits="2"/>
              </lines>
            </method>
            <method name="restore" signature="Playground\Matrix\Models\Board $board, Playground\Matrix\Resource\Http\Requests\Board\RestoreRequest $request" line-rate="1" branch-rate="0" complexity="4">
              <lines>
                <line number="302" hits="4"/>
                <line number="304" hits="4"/>
                <line number="306" hits="4"/>
                <line number="308" hits="4"/>
                <line number="309" hits="2"/>
                <line number="312" hits="2"/>
                <line number="314" hits="2"/>
                <line number="315" hits="1"/>
                <line number="318" hits="1"/>
              </lines>
            </method>
            <method name="show" signature="Playground\Matrix\Models\Board $board, Playground\Matrix\Resource\Http\Requests\Board\ShowRequest $request" line-rate="1" branch-rate="0" complexity="2">
              <lines>
                <line number="330" hits="2"/>
                <line number="332" hits="2"/>
                <line number="334" hits="2"/>
                <line number="335" hits="2"/>
                <line number="336" hits="2"/>
                <line number="337" hits="2"/>
                <line number="338" hits="2"/>
                <line number="339" hits="2"/>
                <line number="340" hits="2"/>
                <line number="342" hits="2"/>
                <line number="343" hits="1"/>
                <line number="346" hits="1"/>
                <line number="347" hits="1"/>
                <line number="349" hits="1"/>
                <line number="350" hits="1"/>
                <line number="351" hits="1"/>
                <line number="352" hits="1"/>
                <line number="354" hits="1"/>
                <line number="355" hits="1"/>
                <line number="356" hits="1"/>
                <line number="357" hits="1"/>
              </lines>
            </method>
            <method name="store" signature="Playground\Matrix\Resource\Http\Requests\Board\StoreRequest $request" line-rate="0" branch-rate="0" complexity="4">
              <lines>
                <line number="368" hits="0"/>
                <line number="370" hits="0"/>
                <line number="372" hits="0"/>
                <line number="374" hits="0"/>
                <line number="376" hits="0"/>
                <line number="377" hits="0"/>
                <line number="380" hits="0"/>
                <line number="382" hits="0"/>
                <line number="383" hits="0"/>
                <line number="386" hits="0"/>
              </lines>
            </method>
            <method name="unlock" signature="Playground\Matrix\Models\Board $board, Playground\Matrix\Resource\Http\Requests\Board\UnlockRequest $request" line-rate="1" branch-rate="0" complexity="4">
              <lines>
                <line number="398" hits="4"/>
                <line number="400" hits="4"/>
                <line number="402" hits="4"/>
                <line number="404" hits="4"/>
                <line number="406" hits="4"/>
                <line number="407" hits="2"/>
                <line number="410" hits="2"/>
                <line number="412" hits="2"/>
                <line number="413" hits="1"/>
                <line number="416" hits="1"/>
              </lines>
            </method>
            <method name="update" signature="Playground\Matrix\Models\Board $board, Playground\Matrix\Resource\Http\Requests\Board\UpdateRequest $request" line-rate="0" branch-rate="0" complexity="4">
              <lines>
                <line number="428" hits="0"/>
                <line number="430" hits="0"/>
                <line number="432" hits="0"/>
                <line number="434" hits="0"/>
                <line number="435" hits="0"/>
                <line number="438" hits="0"/>
                <line number="440" hits="0"/>
                <line number="441" hits="0"/>
                <line number="444" hits="0"/>
              </lines>
            </method>
          </methods>
          <lines>
            <line number="60" hits="3"/>
            <line number="62" hits="3"/>
            <line number="64" hits="3"/>
            <line number="66" hits="3"/>
            <line number="67" hits="3"/>
            <line number="68" hits="3"/>
            <line number="69" hits="3"/>
            <line number="70" hits="3"/>
            <line number="71" hits="3"/>
            <line number="72" hits="3"/>
            <line number="74" hits="3"/>
            <line number="75" hits="3"/>
            <line number="77" hits="3"/>
            <line number="78" hits="3"/>
            <line number="79" hits="3"/>
            <line number="80" hits="3"/>
            <line number="81" hits="3"/>
            <line number="83" hits="3"/>
            <line number="84" hits="1"/>
            <line number="87" hits="2"/>
            <line number="89" hits="2"/>
            <line number="90" hits="1"/>
            <line number="91" hits="1"/>
            <line number="94" hits="2"/>
            <line number="95" hits="2"/>
            <line number="98" hits="2"/>
            <line number="99" hits="2"/>
            <line number="100" hits="2"/>
            <line number="101" hits="2"/>
            <line number="113" hits="3"/>
            <line number="115" hits="3"/>
            <line number="117" hits="3"/>
            <line number="118" hits="3"/>
            <line number="119" hits="3"/>
            <line number="120" hits="3"/>
            <line number="121" hits="3"/>
            <line number="122" hits="3"/>
            <line number="123" hits="3"/>
            <line number="125" hits="3"/>
            <line number="126" hits="3"/>
            <line number="128" hits="3"/>
            <line number="129" hits="3"/>
            <line number="130" hits="3"/>
            <line number="131" hits="3"/>
            <line number="132" hits="3"/>
            <line number="134" hits="3"/>
            <line number="135" hits="1"/>
            <line number="138" hits="2"/>
            <line number="140" hits="2"/>
            <line number="141" hits="1"/>
            <line number="142" hits="1"/>
            <line number="145" hits="2"/>
            <line number="147" hits="2"/>
            <line number="148" hits="2"/>
            <line number="149" hits="2"/>
            <line number="150" hits="2"/>
            <line number="162" hits="7"/>
            <line number="164" hits="7"/>
            <line number="165" hits="5"/>
            <line number="167" hits="2"/>
            <line number="170" hits="7"/>
            <line number="171" hits="4"/>
            <line number="174" hits="3"/>
            <line number="176" hits="3"/>
            <line number="177" hits="1"/>
            <line number="180" hits="2"/>
            <line number="192" hits="4"/>
            <line number="194" hits="4"/>
            <line number="196" hits="4"/>
            <line number="198" hits="4"/>
            <line number="200" hits="4"/>
            <line number="201" hits="4"/>
            <line number="202" hits="4"/>
            <line number="203" hits="4"/>
            <line number="204" hits="4"/>
            <line number="205" hits="4"/>
            <line number="207" hits="4"/>
            <line number="208" hits="2"/>
            <line number="211" hits="2"/>
            <line number="213" hits="2"/>
            <line number="214" hits="1"/>
            <line number="217" hits="1"/>
            <line number="228" hits="4"/>
            <line number="230" hits="4"/>
            <line number="232" hits="4"/>
            <line number="234" hits="4"/>
            <line number="236" hits="4"/>
            <line number="237" hits="2"/>
            <line number="239" hits="2"/>
            <line number="240" hits="2"/>
            <line number="241" hits="2"/>
            <line number="242" hits="2"/>
            <line number="244" hits="2"/>
            <line number="245" hits="2"/>
            <line number="246" hits="2"/>
            <line number="247" hits="2"/>
            <line number="249" hits="2"/>
            <line number="250" hits="2"/>
            <line number="251" hits="2"/>
            <line number="252" hits="2"/>
            <line number="254" hits="2"/>
            <line number="255" hits="2"/>
            <line number="256" hits="2"/>
            <line number="257" hits="2"/>
            <line number="260" hits="4"/>
            <line number="261" hits="4"/>
            <line number="263" hits="4"/>
            <line number="265" hits="4"/>
            <line number="266" hits="2"/>
            <line number="269" hits="2"/>
            <line number="270" hits="2"/>
            <line number="271" hits="2"/>
            <line number="272" hits="2"/>
            <line number="273" hits="2"/>
            <line number="274" hits="2"/>
            <line number="275" hits="2"/>
            <line number="276" hits="2"/>
            <line number="277" hits="2"/>
            <line number="278" hits="2"/>
            <line number="279" hits="2"/>
            <line number="280" hits="2"/>
            <line number="282" hits="2"/>
            <line number="283" hits="2"/>
            <line number="284" hits="2"/>
            <line number="285" hits="2"/>
            <line number="287" hits="2"/>
            <line number="288" hits="2"/>
            <line number="289" hits="2"/>
            <line number="290" hits="2"/>
            <line number="302" hits="4"/>
            <line number="304" hits="4"/>
            <line number="306" hits="4"/>
            <line number="308" hits="4"/>
            <line number="309" hits="2"/>
            <line number="312" hits="2"/>
            <line number="314" hits="2"/>
            <line number="315" hits="1"/>
            <line number="318" hits="1"/>
            <line number="330" hits="2"/>
            <line number="332" hits="2"/>
            <line number="334" hits="2"/>
            <line number="335" hits="2"/>
            <line number="336" hits="2"/>
            <line number="337" hits="2"/>
            <line number="338" hits="2"/>
            <line number="339" hits="2"/>
            <line number="340" hits="2"/>
            <line number="342" hits="2"/>
            <line number="343" hits="1"/>
            <line number="346" hits="1"/>
            <line number="347" hits="1"/>
            <line number="349" hits="1"/>
            <line number="350" hits="1"/>
            <line number="351" hits="1"/>
            <line number="352" hits="1"/>
            <line number="354" hits="1"/>
            <line number="355" hits="1"/>
            <line number="356" hits="1"/>
            <line number="357" hits="1"/>
            <line number="368" hits="0"/>
            <line number="370" hits="0"/>
            <line number="372" hits="0"/>
            <line number="374" hits="0"/>
            <line number="376" hits="0"/>
            <line number="377" hits="0"/>
            <line number="380" hits="0"/>
            <line number="382" hits="0"/>
            <line number="383" hits="0"/>
            <line number="386" hits="0"/>
            <line number="398" hits="4"/>
            <line number="400" hits="4"/>
            <line number="402" hits="4"/>
            <line number="404" hits="4"/>
            <line number="406" hits="4"/>
            <line number="407" hits="2"/>
            <line number="410" hits="2"/>
            <line number="412" hits="2"/>
            <line number="413" hits="1"/>
            <line number="416" hits="1"/>
            <line number="428" hits="0"/>
            <line number="430" hits="0"/>
            <line number="432" hits="0"/>
            <line number="434" hits="0"/>
            <line number="435" hits="0"/>
            <line number="438" hits="0"/>
            <line number="440" hits="0"/>
            <line number="441" hits="0"/>
            <line number="444" hits="0"/>
          </lines>
        </class>
      </classes>
    </package>
    <package name="Http/Controllers/Controller.php" line-rate="1" branch-rate="0" complexity="4">
      <classes>
        <class name="Playground\Matrix\Resource\Http\Controllers\Controller" filename="Http/Controllers/Controller.php" line-rate="1" branch-rate="0" complexity="4">
          <methods>
            <method name="getViewPath" signature="string $controller, string $view" line-rate="1" branch-rate="0" complexity="4">
              <lines>
                <line number="27" hits="2"/>
                <line number="29" hits="2"/>
                <line number="30" hits="2"/>
                <line number="31" hits="2"/>
                <line number="32" hits="2"/>
                <line number="33" hits="2"/>
                <line number="34" hits="2"/>
                <line number="35" hits="2"/>
              </lines>
            </method>
          </methods>
          <lines>
            <line number="27" hits="2"/>
            <line number="29" hits="2"/>
            <line number="30" hits="2"/>
            <line number="31" hits="2"/>
            <line number="32" hits="2"/>
            <line number="33" hits="2"/>
            <line number="34" hits="2"/>
            <line number="35" hits="2"/>
          </lines>
        </class>
      </classes>
    </package>
    <package name="Http/Controllers/EpicController.php" line-rate="0.89893617021277" branch-rate="0" complexity="40">
      <classes>
        <class name="Playground\Matrix\Resource\Http\Controllers\EpicController" filename="Http/Controllers/EpicController.php" line-rate="0.89893617021277" branch-rate="0" complexity="40">
          <methods>
            <method name="create" signature="Playground\Matrix\Resource\Http\Requests\Epic\CreateRequest $request" line-rate="1" branch-rate="0" complexity="4">
              <lines>
                <line number="60" hits="3"/>
                <line number="62" hits="3"/>
                <line number="64" hits="3"/>
                <line number="66" hits="3"/>
                <line number="67" hits="3"/>
                <line number="68" hits="3"/>
                <line number="69" hits="3"/>
                <line number="70" hits="3"/>
                <line number="71" hits="3"/>
                <line number="72" hits="3"/>
                <line number="74" hits="3"/>
                <line number="75" hits="3"/>
                <line number="77" hits="3"/>
                <line number="78" hits="3"/>
                <line number="79" hits="3"/>
                <line number="80" hits="3"/>
                <line number="81" hits="3"/>
                <line number="83" hits="3"/>
                <line number="84" hits="1"/>
                <line number="87" hits="2"/>
                <line number="89" hits="2"/>
                <line number="90" hits="1"/>
                <line number="91" hits="1"/>
                <line number="94" hits="2"/>
                <line number="95" hits="2"/>
                <line number="98" hits="2"/>
                <line number="99" hits="2"/>
                <line number="100" hits="2"/>
                <line number="101" hits="2"/>
              </lines>
            </method>
            <method name="edit" signature="Playground\Matrix\Models\Epic $epic, Playground\Matrix\Resource\Http\Requests\Epic\EditRequest $request" line-rate="1" branch-rate="0" complexity="3">
              <lines>
                <line number="113" hits="3"/>
                <line number="115" hits="3"/>
                <line number="117" hits="3"/>
                <line number="118" hits="3"/>
                <line number="119" hits="3"/>
                <line number="120" hits="3"/>
                <line number="121" hits="3"/>
                <line number="122" hits="3"/>
                <line number="123" hits="3"/>
                <line number="125" hits="3"/>
                <line number="126" hits="3"/>
                <line number="128" hits="3"/>
                <line number="129" hits="3"/>
                <line number="130" hits="3"/>
                <line number="131" hits="3"/>
                <line number="132" hits="3"/>
                <line number="134" hits="3"/>
                <line number="135" hits="1"/>
                <line number="138" hits="2"/>
                <line number="140" hits="2"/>
                <line number="141" hits="1"/>
                <line number="142" hits="1"/>
                <line number="145" hits="2"/>
                <line number="147" hits="2"/>
                <line number="148" hits="2"/>
                <line number="149" hits="2"/>
                <line number="150" hits="2"/>
              </lines>
            </method>
            <method name="destroy" signature="Playground\Matrix\Models\Epic $epic, Playground\Matrix\Resource\Http\Requests\Epic\DestroyRequest $request" line-rate="1" branch-rate="0" complexity="5">
              <lines>
                <line number="162" hits="7"/>
                <line number="164" hits="7"/>
                <line number="165" hits="5"/>
                <line number="167" hits="2"/>
                <line number="170" hits="7"/>
                <line number="171" hits="4"/>
                <line number="174" hits="3"/>
                <line number="176" hits="3"/>
                <line number="177" hits="1"/>
                <line number="180" hits="2"/>
              </lines>
            </method>
            <method name="lock" signature="Playground\Matrix\Models\Epic $epic, Playground\Matrix\Resource\Http\Requests\Epic\LockRequest $request" line-rate="1" branch-rate="0" complexity="4">
              <lines>
                <line number="192" hits="4"/>
                <line number="194" hits="4"/>
                <line number="196" hits="4"/>
                <line number="198" hits="4"/>
                <line number="200" hits="4"/>
                <line number="201" hits="4"/>
                <line number="202" hits="4"/>
                <line number="203" hits="4"/>
                <line number="204" hits="4"/>
                <line number="205" hits="4"/>
                <line number="207" hits="4"/>
                <line number="208" hits="2"/>
                <line number="211" hits="2"/>
                <line number="213" hits="2"/>
                <line number="214" hits="1"/>
                <line number="217" hits="1"/>
              </lines>
            </method>
            <method name="index" signature="Playground\Matrix\Resource\Http\Requests\Epic\IndexRequest $request" line-rate="1" branch-rate="0" complexity="6">
              <lines>
                <line number="228" hits="4"/>
                <line number="230" hits="4"/>
                <line number="232" hits="4"/>
                <line number="234" hits="4"/>
                <line number="236" hits="4"/>
                <line number="237" hits="2"/>
                <line number="239" hits="2"/>
                <line number="240" hits="2"/>
                <line number="241" hits="2"/>
                <line number="242" hits="2"/>
                <line number="244" hits="2"/>
                <line number="245" hits="2"/>
                <line number="246" hits="2"/>
                <line number="247" hits="2"/>
                <line number="249" hits="2"/>
                <line number="250" hits="2"/>
                <line number="251" hits="2"/>
                <line number="252" hits="2"/>
                <line number="254" hits="2"/>
                <line number="255" hits="2"/>
                <line number="256" hits="2"/>
                <line number="257" hits="2"/>
                <line number="260" hits="4"/>
                <line number="261" hits="4"/>
                <line number="263" hits="4"/>
                <line number="265" hits="4"/>
                <line number="266" hits="2"/>
                <line number="269" hits="2"/>
                <line number="270" hits="2"/>
                <line number="271" hits="2"/>
                <line number="272" hits="2"/>
                <line number="273" hits="2"/>
                <line number="274" hits="2"/>
                <line number="275" hits="2"/>
                <line number="276" hits="2"/>
                <line number="277" hits="2"/>
                <line number="278" hits="2"/>
                <line number="279" hits="2"/>
                <line number="280" hits="2"/>
                <line number="282" hits="2"/>
                <line number="283" hits="2"/>
                <line number="284" hits="2"/>
                <line number="285" hits="2"/>
                <line number="287" hits="2"/>
                <line number="288" hits="2"/>
                <line number="289" hits="2"/>
                <line number="290" hits="2"/>
              </lines>
            </method>
            <method name="restore" signature="Playground\Matrix\Models\Epic $epic, Playground\Matrix\Resource\Http\Requests\Epic\RestoreRequest $request" line-rate="1" branch-rate="0" complexity="4">
              <lines>
                <line number="302" hits="4"/>
                <line number="304" hits="4"/>
                <line number="306" hits="4"/>
                <line number="308" hits="4"/>
                <line number="309" hits="2"/>
                <line number="312" hits="2"/>
                <line number="314" hits="2"/>
                <line number="315" hits="1"/>
                <line number="318" hits="1"/>
              </lines>
            </method>
            <method name="show" signature="Playground\Matrix\Models\Epic $epic, Playground\Matrix\Resource\Http\Requests\Epic\ShowRequest $request" line-rate="1" branch-rate="0" complexity="2">
              <lines>
                <line number="330" hits="2"/>
                <line number="332" hits="2"/>
                <line number="334" hits="2"/>
                <line number="335" hits="2"/>
                <line number="336" hits="2"/>
                <line number="337" hits="2"/>
                <line number="338" hits="2"/>
                <line number="339" hits="2"/>
                <line number="340" hits="2"/>
                <line number="342" hits="2"/>
                <line number="343" hits="1"/>
                <line number="346" hits="1"/>
                <line number="347" hits="1"/>
                <line number="349" hits="1"/>
                <line number="350" hits="1"/>
                <line number="351" hits="1"/>
                <line number="352" hits="1"/>
                <line number="354" hits="1"/>
                <line number="355" hits="1"/>
                <line number="356" hits="1"/>
                <line number="357" hits="1"/>
              </lines>
            </method>
            <method name="store" signature="Playground\Matrix\Resource\Http\Requests\Epic\StoreRequest $request" line-rate="0" branch-rate="0" complexity="4">
              <lines>
                <line number="368" hits="0"/>
                <line number="370" hits="0"/>
                <line number="372" hits="0"/>
                <line number="374" hits="0"/>
                <line number="376" hits="0"/>
                <line number="377" hits="0"/>
                <line number="380" hits="0"/>
                <line number="382" hits="0"/>
                <line number="383" hits="0"/>
                <line number="386" hits="0"/>
              </lines>
            </method>
            <method name="unlock" signature="Playground\Matrix\Models\Epic $epic, Playground\Matrix\Resource\Http\Requests\Epic\UnlockRequest $request" line-rate="1" branch-rate="0" complexity="4">
              <lines>
                <line number="398" hits="4"/>
                <line number="400" hits="4"/>
                <line number="402" hits="4"/>
                <line number="404" hits="4"/>
                <line number="406" hits="4"/>
                <line number="407" hits="2"/>
                <line number="410" hits="2"/>
                <line number="412" hits="2"/>
                <line number="413" hits="1"/>
                <line number="416" hits="1"/>
              </lines>
            </method>
            <method name="update" signature="Playground\Matrix\Models\Epic $epic, Playground\Matrix\Resource\Http\Requests\Epic\UpdateRequest $request" line-rate="0" branch-rate="0" complexity="4">
              <lines>
                <line number="428" hits="0"/>
                <line number="430" hits="0"/>
                <line number="432" hits="0"/>
                <line number="434" hits="0"/>
                <line number="435" hits="0"/>
                <line number="438" hits="0"/>
                <line number="440" hits="0"/>
                <line number="441" hits="0"/>
                <line number="444" hits="0"/>
              </lines>
            </method>
          </methods>
          <lines>
            <line number="60" hits="3"/>
            <line number="62" hits="3"/>
            <line number="64" hits="3"/>
            <line number="66" hits="3"/>
            <line number="67" hits="3"/>
            <line number="68" hits="3"/>
            <line number="69" hits="3"/>
            <line number="70" hits="3"/>
            <line number="71" hits="3"/>
            <line number="72" hits="3"/>
            <line number="74" hits="3"/>
            <line number="75" hits="3"/>
            <line number="77" hits="3"/>
            <line number="78" hits="3"/>
            <line number="79" hits="3"/>
            <line number="80" hits="3"/>
            <line number="81" hits="3"/>
            <line number="83" hits="3"/>
            <line number="84" hits="1"/>
            <line number="87" hits="2"/>
            <line number="89" hits="2"/>
            <line number="90" hits="1"/>
            <line number="91" hits="1"/>
            <line number="94" hits="2"/>
            <line number="95" hits="2"/>
            <line number="98" hits="2"/>
            <line number="99" hits="2"/>
            <line number="100" hits="2"/>
            <line number="101" hits="2"/>
            <line number="113" hits="3"/>
            <line number="115" hits="3"/>
            <line number="117" hits="3"/>
            <line number="118" hits="3"/>
            <line number="119" hits="3"/>
            <line number="120" hits="3"/>
            <line number="121" hits="3"/>
            <line number="122" hits="3"/>
            <line number="123" hits="3"/>
            <line number="125" hits="3"/>
            <line number="126" hits="3"/>
            <line number="128" hits="3"/>
            <line number="129" hits="3"/>
            <line number="130" hits="3"/>
            <line number="131" hits="3"/>
            <line number="132" hits="3"/>
            <line number="134" hits="3"/>
            <line number="135" hits="1"/>
            <line number="138" hits="2"/>
            <line number="140" hits="2"/>
            <line number="141" hits="1"/>
            <line number="142" hits="1"/>
            <line number="145" hits="2"/>
            <line number="147" hits="2"/>
            <line number="148" hits="2"/>
            <line number="149" hits="2"/>
            <line number="150" hits="2"/>
            <line number="162" hits="7"/>
            <line number="164" hits="7"/>
            <line number="165" hits="5"/>
            <line number="167" hits="2"/>
            <line number="170" hits="7"/>
            <line number="171" hits="4"/>
            <line number="174" hits="3"/>
            <line number="176" hits="3"/>
            <line number="177" hits="1"/>
            <line number="180" hits="2"/>
            <line number="192" hits="4"/>
            <line number="194" hits="4"/>
            <line number="196" hits="4"/>
            <line number="198" hits="4"/>
            <line number="200" hits="4"/>
            <line number="201" hits="4"/>
            <line number="202" hits="4"/>
            <line number="203" hits="4"/>
            <line number="204" hits="4"/>
            <line number="205" hits="4"/>
            <line number="207" hits="4"/>
            <line number="208" hits="2"/>
            <line number="211" hits="2"/>
            <line number="213" hits="2"/>
            <line number="214" hits="1"/>
            <line number="217" hits="1"/>
            <line number="228" hits="4"/>
            <line number="230" hits="4"/>
            <line number="232" hits="4"/>
            <line number="234" hits="4"/>
            <line number="236" hits="4"/>
            <line number="237" hits="2"/>
            <line number="239" hits="2"/>
            <line number="240" hits="2"/>
            <line number="241" hits="2"/>
            <line number="242" hits="2"/>
            <line number="244" hits="2"/>
            <line number="245" hits="2"/>
            <line number="246" hits="2"/>
            <line number="247" hits="2"/>
            <line number="249" hits="2"/>
            <line number="250" hits="2"/>
            <line number="251" hits="2"/>
            <line number="252" hits="2"/>
            <line number="254" hits="2"/>
            <line number="255" hits="2"/>
            <line number="256" hits="2"/>
            <line number="257" hits="2"/>
            <line number="260" hits="4"/>
            <line number="261" hits="4"/>
            <line number="263" hits="4"/>
            <line number="265" hits="4"/>
            <line number="266" hits="2"/>
            <line number="269" hits="2"/>
            <line number="270" hits="2"/>
            <line number="271" hits="2"/>
            <line number="272" hits="2"/>
            <line number="273" hits="2"/>
            <line number="274" hits="2"/>
            <line number="275" hits="2"/>
            <line number="276" hits="2"/>
            <line number="277" hits="2"/>
            <line number="278" hits="2"/>
            <line number="279" hits="2"/>
            <line number="280" hits="2"/>
            <line number="282" hits="2"/>
            <line number="283" hits="2"/>
            <line number="284" hits="2"/>
            <line number="285" hits="2"/>
            <line number="287" hits="2"/>
            <line number="288" hits="2"/>
            <line number="289" hits="2"/>
            <line number="290" hits="2"/>
            <line number="302" hits="4"/>
            <line number="304" hits="4"/>
            <line number="306" hits="4"/>
            <line number="308" hits="4"/>
            <line number="309" hits="2"/>
            <line number="312" hits="2"/>
            <line number="314" hits="2"/>
            <line number="315" hits="1"/>
            <line number="318" hits="1"/>
            <line number="330" hits="2"/>
            <line number="332" hits="2"/>
            <line number="334" hits="2"/>
            <line number="335" hits="2"/>
            <line number="336" hits="2"/>
            <line number="337" hits="2"/>
            <line number="338" hits="2"/>
            <line number="339" hits="2"/>
            <line number="340" hits="2"/>
            <line number="342" hits="2"/>
            <line number="343" hits="1"/>
            <line number="346" hits="1"/>
            <line number="347" hits="1"/>
            <line number="349" hits="1"/>
            <line number="350" hits="1"/>
            <line number="351" hits="1"/>
            <line number="352" hits="1"/>
            <line number="354" hits="1"/>
            <line number="355" hits="1"/>
            <line number="356" hits="1"/>
            <line number="357" hits="1"/>
            <line number="368" hits="0"/>
            <line number="370" hits="0"/>
            <line number="372" hits="0"/>
            <line number="374" hits="0"/>
            <line number="376" hits="0"/>
            <line number="377" hits="0"/>
            <line number="380" hits="0"/>
            <line number="382" hits="0"/>
            <line number="383" hits="0"/>
            <line number="386" hits="0"/>
            <line number="398" hits="4"/>
            <line number="400" hits="4"/>
            <line number="402" hits="4"/>
            <line number="404" hits="4"/>
            <line number="406" hits="4"/>
            <line number="407" hits="2"/>
            <line number="410" hits="2"/>
            <line number="412" hits="2"/>
            <line number="413" hits="1"/>
            <line number="416" hits="1"/>
            <line number="428" hits="0"/>
            <line number="430" hits="0"/>
            <line number="432" hits="0"/>
            <line number="434" hits="0"/>
            <line number="435" hits="0"/>
            <line number="438" hits="0"/>
            <line number="440" hits="0"/>
            <line number="441" hits="0"/>
            <line number="444" hits="0"/>
          </lines>
        </class>
      </classes>
    </package>
    <package name="Http/Controllers/FlowController.php" line-rate="0.89893617021277" branch-rate="0" complexity="40">
      <classes>
        <class name="Playground\Matrix\Resource\Http\Controllers\FlowController" filename="Http/Controllers/FlowController.php" line-rate="0.89893617021277" branch-rate="0" complexity="40">
          <methods>
            <method name="create" signature="Playground\Matrix\Resource\Http\Requests\Flow\CreateRequest $request" line-rate="1" branch-rate="0" complexity="4">
              <lines>
                <line number="60" hits="3"/>
                <line number="62" hits="3"/>
                <line number="64" hits="3"/>
                <line number="66" hits="3"/>
                <line number="67" hits="3"/>
                <line number="68" hits="3"/>
                <line number="69" hits="3"/>
                <line number="70" hits="3"/>
                <line number="71" hits="3"/>
                <line number="72" hits="3"/>
                <line number="74" hits="3"/>
                <line number="75" hits="3"/>
                <line number="77" hits="3"/>
                <line number="78" hits="3"/>
                <line number="79" hits="3"/>
                <line number="80" hits="3"/>
                <line number="81" hits="3"/>
                <line number="83" hits="3"/>
                <line number="84" hits="1"/>
                <line number="87" hits="2"/>
                <line number="89" hits="2"/>
                <line number="90" hits="1"/>
                <line number="91" hits="1"/>
                <line number="94" hits="2"/>
                <line number="95" hits="2"/>
                <line number="98" hits="2"/>
                <line number="99" hits="2"/>
                <line number="100" hits="2"/>
                <line number="101" hits="2"/>
              </lines>
            </method>
            <method name="edit" signature="Playground\Matrix\Models\Flow $flow, Playground\Matrix\Resource\Http\Requests\Flow\EditRequest $request" line-rate="1" branch-rate="0" complexity="3">
              <lines>
                <line number="113" hits="3"/>
                <line number="115" hits="3"/>
                <line number="117" hits="3"/>
                <line number="118" hits="3"/>
                <line number="119" hits="3"/>
                <line number="120" hits="3"/>
                <line number="121" hits="3"/>
                <line number="122" hits="3"/>
                <line number="123" hits="3"/>
                <line number="125" hits="3"/>
                <line number="126" hits="3"/>
                <line number="128" hits="3"/>
                <line number="129" hits="3"/>
                <line number="130" hits="3"/>
                <line number="131" hits="3"/>
                <line number="132" hits="3"/>
                <line number="134" hits="3"/>
                <line number="135" hits="1"/>
                <line number="138" hits="2"/>
                <line number="140" hits="2"/>
                <line number="141" hits="1"/>
                <line number="142" hits="1"/>
                <line number="145" hits="2"/>
                <line number="147" hits="2"/>
                <line number="148" hits="2"/>
                <line number="149" hits="2"/>
                <line number="150" hits="2"/>
              </lines>
            </method>
            <method name="destroy" signature="Playground\Matrix\Models\Flow $flow, Playground\Matrix\Resource\Http\Requests\Flow\DestroyRequest $request" line-rate="1" branch-rate="0" complexity="5">
              <lines>
                <line number="162" hits="7"/>
                <line number="164" hits="7"/>
                <line number="165" hits="5"/>
                <line number="167" hits="2"/>
                <line number="170" hits="7"/>
                <line number="171" hits="4"/>
                <line number="174" hits="3"/>
                <line number="176" hits="3"/>
                <line number="177" hits="1"/>
                <line number="180" hits="2"/>
              </lines>
            </method>
            <method name="lock" signature="Playground\Matrix\Models\Flow $flow, Playground\Matrix\Resource\Http\Requests\Flow\LockRequest $request" line-rate="1" branch-rate="0" complexity="4">
              <lines>
                <line number="192" hits="4"/>
                <line number="194" hits="4"/>
                <line number="196" hits="4"/>
                <line number="198" hits="4"/>
                <line number="200" hits="4"/>
                <line number="201" hits="4"/>
                <line number="202" hits="4"/>
                <line number="203" hits="4"/>
                <line number="204" hits="4"/>
                <line number="205" hits="4"/>
                <line number="207" hits="4"/>
                <line number="208" hits="2"/>
                <line number="211" hits="2"/>
                <line number="213" hits="2"/>
                <line number="214" hits="1"/>
                <line number="217" hits="1"/>
              </lines>
            </method>
            <method name="index" signature="Playground\Matrix\Resource\Http\Requests\Flow\IndexRequest $request" line-rate="1" branch-rate="0" complexity="6">
              <lines>
                <line number="228" hits="4"/>
                <line number="230" hits="4"/>
                <line number="232" hits="4"/>
                <line number="234" hits="4"/>
                <line number="236" hits="4"/>
                <line number="237" hits="2"/>
                <line number="239" hits="2"/>
                <line number="240" hits="2"/>
                <line number="241" hits="2"/>
                <line number="242" hits="2"/>
                <line number="244" hits="2"/>
                <line number="245" hits="2"/>
                <line number="246" hits="2"/>
                <line number="247" hits="2"/>
                <line number="249" hits="2"/>
                <line number="250" hits="2"/>
                <line number="251" hits="2"/>
                <line number="252" hits="2"/>
                <line number="254" hits="2"/>
                <line number="255" hits="2"/>
                <line number="256" hits="2"/>
                <line number="257" hits="2"/>
                <line number="260" hits="4"/>
                <line number="261" hits="4"/>
                <line number="263" hits="4"/>
                <line number="265" hits="4"/>
                <line number="266" hits="2"/>
                <line number="269" hits="2"/>
                <line number="270" hits="2"/>
                <line number="271" hits="2"/>
                <line number="272" hits="2"/>
                <line number="273" hits="2"/>
                <line number="274" hits="2"/>
                <line number="275" hits="2"/>
                <line number="276" hits="2"/>
                <line number="277" hits="2"/>
                <line number="278" hits="2"/>
                <line number="279" hits="2"/>
                <line number="280" hits="2"/>
                <line number="282" hits="2"/>
                <line number="283" hits="2"/>
                <line number="284" hits="2"/>
                <line number="285" hits="2"/>
                <line number="287" hits="2"/>
                <line number="288" hits="2"/>
                <line number="289" hits="2"/>
                <line number="290" hits="2"/>
              </lines>
            </method>
            <method name="restore" signature="Playground\Matrix\Models\Flow $flow, Playground\Matrix\Resource\Http\Requests\Flow\RestoreRequest $request" line-rate="1" branch-rate="0" complexity="4">
              <lines>
                <line number="302" hits="4"/>
                <line number="304" hits="4"/>
                <line number="306" hits="4"/>
                <line number="308" hits="4"/>
                <line number="309" hits="2"/>
                <line number="312" hits="2"/>
                <line number="314" hits="2"/>
                <line number="315" hits="1"/>
                <line number="318" hits="1"/>
              </lines>
            </method>
            <method name="show" signature="Playground\Matrix\Models\Flow $flow, Playground\Matrix\Resource\Http\Requests\Flow\ShowRequest $request" line-rate="1" branch-rate="0" complexity="2">
              <lines>
                <line number="330" hits="2"/>
                <line number="332" hits="2"/>
                <line number="334" hits="2"/>
                <line number="335" hits="2"/>
                <line number="336" hits="2"/>
                <line number="337" hits="2"/>
                <line number="338" hits="2"/>
                <line number="339" hits="2"/>
                <line number="340" hits="2"/>
                <line number="342" hits="2"/>
                <line number="343" hits="1"/>
                <line number="346" hits="1"/>
                <line number="347" hits="1"/>
                <line number="349" hits="1"/>
                <line number="350" hits="1"/>
                <line number="351" hits="1"/>
                <line number="352" hits="1"/>
                <line number="354" hits="1"/>
                <line number="355" hits="1"/>
                <line number="356" hits="1"/>
                <line number="357" hits="1"/>
              </lines>
            </method>
            <method name="store" signature="Playground\Matrix\Resource\Http\Requests\Flow\StoreRequest $request" line-rate="0" branch-rate="0" complexity="4">
              <lines>
                <line number="368" hits="0"/>
                <line number="370" hits="0"/>
                <line number="372" hits="0"/>
                <line number="374" hits="0"/>
                <line number="376" hits="0"/>
                <line number="377" hits="0"/>
                <line number="380" hits="0"/>
                <line number="382" hits="0"/>
                <line number="383" hits="0"/>
                <line number="386" hits="0"/>
              </lines>
            </method>
            <method name="unlock" signature="Playground\Matrix\Models\Flow $flow, Playground\Matrix\Resource\Http\Requests\Flow\UnlockRequest $request" line-rate="1" branch-rate="0" complexity="4">
              <lines>
                <line number="398" hits="4"/>
                <line number="400" hits="4"/>
                <line number="402" hits="4"/>
                <line number="404" hits="4"/>
                <line number="406" hits="4"/>
                <line number="407" hits="2"/>
                <line number="410" hits="2"/>
                <line number="412" hits="2"/>
                <line number="413" hits="1"/>
                <line number="416" hits="1"/>
              </lines>
            </method>
            <method name="update" signature="Playground\Matrix\Models\Flow $flow, Playground\Matrix\Resource\Http\Requests\Flow\UpdateRequest $request" line-rate="0" branch-rate="0" complexity="4">
              <lines>
                <line number="428" hits="0"/>
                <line number="430" hits="0"/>
                <line number="432" hits="0"/>
                <line number="434" hits="0"/>
                <line number="435" hits="0"/>
                <line number="438" hits="0"/>
                <line number="440" hits="0"/>
                <line number="441" hits="0"/>
                <line number="444" hits="0"/>
              </lines>
            </method>
          </methods>
          <lines>
            <line number="60" hits="3"/>
            <line number="62" hits="3"/>
            <line number="64" hits="3"/>
            <line number="66" hits="3"/>
            <line number="67" hits="3"/>
            <line number="68" hits="3"/>
            <line number="69" hits="3"/>
            <line number="70" hits="3"/>
            <line number="71" hits="3"/>
            <line number="72" hits="3"/>
            <line number="74" hits="3"/>
            <line number="75" hits="3"/>
            <line number="77" hits="3"/>
            <line number="78" hits="3"/>
            <line number="79" hits="3"/>
            <line number="80" hits="3"/>
            <line number="81" hits="3"/>
            <line number="83" hits="3"/>
            <line number="84" hits="1"/>
            <line number="87" hits="2"/>
            <line number="89" hits="2"/>
            <line number="90" hits="1"/>
            <line number="91" hits="1"/>
            <line number="94" hits="2"/>
            <line number="95" hits="2"/>
            <line number="98" hits="2"/>
            <line number="99" hits="2"/>
            <line number="100" hits="2"/>
            <line number="101" hits="2"/>
            <line number="113" hits="3"/>
            <line number="115" hits="3"/>
            <line number="117" hits="3"/>
            <line number="118" hits="3"/>
            <line number="119" hits="3"/>
            <line number="120" hits="3"/>
            <line number="121" hits="3"/>
            <line number="122" hits="3"/>
            <line number="123" hits="3"/>
            <line number="125" hits="3"/>
            <line number="126" hits="3"/>
            <line number="128" hits="3"/>
            <line number="129" hits="3"/>
            <line number="130" hits="3"/>
            <line number="131" hits="3"/>
            <line number="132" hits="3"/>
            <line number="134" hits="3"/>
            <line number="135" hits="1"/>
            <line number="138" hits="2"/>
            <line number="140" hits="2"/>
            <line number="141" hits="1"/>
            <line number="142" hits="1"/>
            <line number="145" hits="2"/>
            <line number="147" hits="2"/>
            <line number="148" hits="2"/>
            <line number="149" hits="2"/>
            <line number="150" hits="2"/>
            <line number="162" hits="7"/>
            <line number="164" hits="7"/>
            <line number="165" hits="5"/>
            <line number="167" hits="2"/>
            <line number="170" hits="7"/>
            <line number="171" hits="4"/>
            <line number="174" hits="3"/>
            <line number="176" hits="3"/>
            <line number="177" hits="1"/>
            <line number="180" hits="2"/>
            <line number="192" hits="4"/>
            <line number="194" hits="4"/>
            <line number="196" hits="4"/>
            <line number="198" hits="4"/>
            <line number="200" hits="4"/>
            <line number="201" hits="4"/>
            <line number="202" hits="4"/>
            <line number="203" hits="4"/>
            <line number="204" hits="4"/>
            <line number="205" hits="4"/>
            <line number="207" hits="4"/>
            <line number="208" hits="2"/>
            <line number="211" hits="2"/>
            <line number="213" hits="2"/>
            <line number="214" hits="1"/>
            <line number="217" hits="1"/>
            <line number="228" hits="4"/>
            <line number="230" hits="4"/>
            <line number="232" hits="4"/>
            <line number="234" hits="4"/>
            <line number="236" hits="4"/>
            <line number="237" hits="2"/>
            <line number="239" hits="2"/>
            <line number="240" hits="2"/>
            <line number="241" hits="2"/>
            <line number="242" hits="2"/>
            <line number="244" hits="2"/>
            <line number="245" hits="2"/>
            <line number="246" hits="2"/>
            <line number="247" hits="2"/>
            <line number="249" hits="2"/>
            <line number="250" hits="2"/>
            <line number="251" hits="2"/>
            <line number="252" hits="2"/>
            <line number="254" hits="2"/>
            <line number="255" hits="2"/>
            <line number="256" hits="2"/>
            <line number="257" hits="2"/>
            <line number="260" hits="4"/>
            <line number="261" hits="4"/>
            <line number="263" hits="4"/>
            <line number="265" hits="4"/>
            <line number="266" hits="2"/>
            <line number="269" hits="2"/>
            <line number="270" hits="2"/>
            <line number="271" hits="2"/>
            <line number="272" hits="2"/>
            <line number="273" hits="2"/>
            <line number="274" hits="2"/>
            <line number="275" hits="2"/>
            <line number="276" hits="2"/>
            <line number="277" hits="2"/>
            <line number="278" hits="2"/>
            <line number="279" hits="2"/>
            <line number="280" hits="2"/>
            <line number="282" hits="2"/>
            <line number="283" hits="2"/>
            <line number="284" hits="2"/>
            <line number="285" hits="2"/>
            <line number="287" hits="2"/>
            <line number="288" hits="2"/>
            <line number="289" hits="2"/>
            <line number="290" hits="2"/>
            <line number="302" hits="4"/>
            <line number="304" hits="4"/>
            <line number="306" hits="4"/>
            <line number="308" hits="4"/>
            <line number="309" hits="2"/>
            <line number="312" hits="2"/>
            <line number="314" hits="2"/>
            <line number="315" hits="1"/>
            <line number="318" hits="1"/>
            <line number="330" hits="2"/>
            <line number="332" hits="2"/>
            <line number="334" hits="2"/>
            <line number="335" hits="2"/>
            <line number="336" hits="2"/>
            <line number="337" hits="2"/>
            <line number="338" hits="2"/>
            <line number="339" hits="2"/>
            <line number="340" hits="2"/>
            <line number="342" hits="2"/>
            <line number="343" hits="1"/>
            <line number="346" hits="1"/>
            <line number="347" hits="1"/>
            <line number="349" hits="1"/>
            <line number="350" hits="1"/>
            <line number="351" hits="1"/>
            <line number="352" hits="1"/>
            <line number="354" hits="1"/>
            <line number="355" hits="1"/>
            <line number="356" hits="1"/>
            <line number="357" hits="1"/>
            <line number="368" hits="0"/>
            <line number="370" hits="0"/>
            <line number="372" hits="0"/>
            <line number="374" hits="0"/>
            <line number="376" hits="0"/>
            <line number="377" hits="0"/>
            <line number="380" hits="0"/>
            <line number="382" hits="0"/>
            <line number="383" hits="0"/>
            <line number="386" hits="0"/>
            <line number="398" hits="4"/>
            <line number="400" hits="4"/>
            <line number="402" hits="4"/>
            <line number="404" hits="4"/>
            <line number="406" hits="4"/>
            <line number="407" hits="2"/>
            <line number="410" hits="2"/>
            <line number="412" hits="2"/>
            <line number="413" hits="1"/>
            <line number="416" hits="1"/>
            <line number="428" hits="0"/>
            <line number="430" hits="0"/>
            <line number="432" hits="0"/>
            <line number="434" hits="0"/>
            <line number="435" hits="0"/>
            <line number="438" hits="0"/>
            <line number="440" hits="0"/>
            <line number="441" hits="0"/>
            <line number="444" hits="0"/>
          </lines>
        </class>
      </classes>
    </package>
    <package name="Http/Controllers/IndexController.php" line-rate="0" branch-rate="0" complexity="1">
      <classes>
        <class name="Playground\Matrix\Resource\Http\Controllers\IndexController" filename="Http/Controllers/IndexController.php" line-rate="0" branch-rate="0" complexity="1">
          <methods>
            <method name="index" signature="" line-rate="0" branch-rate="0" complexity="1">
              <lines>
                <line number="21" hits="0"/>
              </lines>
            </method>
          </methods>
          <lines>
            <line number="21" hits="0"/>
[...]
            <line number="37" hits="7"/>
            <line number="38" hits="7"/>
            <line number="39" hits="7"/>
            <line number="40" hits="7"/>
            <line number="41" hits="7"/>
            <line number="42" hits="7"/>
            <line number="43" hits="7"/>
            <line number="44" hits="7"/>
            <line number="45" hits="7"/>
          </lines>
        </class>
      </classes>
    </package>
    <package name="Http/Resources/VersionCollection.php" line-rate="1" branch-rate="0" complexity="2">
      <classes>
        <class name="Playground\Matrix\Resource\Http\Resources\VersionCollection" filename="Http/Resources/VersionCollection.php" line-rate="1" branch-rate="0" complexity="2">
          <methods>
            <method name="toArray" signature="Illuminate\Http\Request $request" line-rate="1" branch-rate="0" complexity="1">
              <lines>
                <line number="20" hits="2"/>
              </lines>
            </method>
            <method name="with" signature="Illuminate\Http\Request $request" line-rate="1" branch-rate="0" complexity="1">
              <lines>
                <line number="31" hits="2"/>
                <line number="32" hits="2"/>
                <line number="33" hits="2"/>
                <line number="34" hits="2"/>
                <line number="35" hits="2"/>
                <line number="36" hits="2"/>
                <line number="37" hits="2"/>
                <line number="38" hits="2"/>
                <line number="39" hits="2"/>
                <line number="40" hits="2"/>
                <line number="41" hits="2"/>
                <line number="42" hits="2"/>
                <line number="43" hits="2"/>
              </lines>
            </method>
          </methods>
          <lines>
            <line number="20" hits="2"/>
            <line number="31" hits="2"/>
            <line number="32" hits="2"/>
            <line number="33" hits="2"/>
            <line number="34" hits="2"/>
            <line number="35" hits="2"/>
            <line number="36" hits="2"/>
            <line number="37" hits="2"/>
            <line number="38" hits="2"/>
            <line number="39" hits="2"/>
            <line number="40" hits="2"/>
            <line number="41" hits="2"/>
            <line number="42" hits="2"/>
            <line number="43" hits="2"/>
          </lines>
        </class>
      </classes>
    </package>
    <package name="Policies/BacklogPolicy.php" line-rate="0" branch-rate="0" complexity="0">
      <classes>
        <class name="Playground\Matrix\Resource\Policies\BacklogPolicy" filename="Policies/BacklogPolicy.php" line-rate="0" branch-rate="0" complexity="0">
          <methods/>
          <lines/>
        </class>
      </classes>
    </package>
    <package name="Policies/BoardPolicy.php" line-rate="0" branch-rate="0" complexity="0">
      <classes>
        <class name="Playground\Matrix\Resource\Policies\BoardPolicy" filename="Policies/BoardPolicy.php" line-rate="0" branch-rate="0" complexity="0">
          <methods/>
          <lines/>
        </class>
      </classes>
    </package>
    <package name="Policies/EpicPolicy.php" line-rate="0" branch-rate="0" complexity="0">
      <classes>
        <class name="Playground\Matrix\Resource\Policies\EpicPolicy" filename="Policies/EpicPolicy.php" line-rate="0" branch-rate="0" complexity="0">
          <methods/>
          <lines/>
        </class>
      </classes>
    </package>
    <package name="Policies/FlowPolicy.php" line-rate="0" branch-rate="0" complexity="0">
      <classes>
        <class name="Playground\Matrix\Resource\Policies\FlowPolicy" filename="Policies/FlowPolicy.php" line-rate="0" branch-rate="0" complexity="0">
          <methods/>
          <lines/>
        </class>
      </classes>
    </package>
    <package name="Policies/MilestonePolicy.php" line-rate="0" branch-rate="0" complexity="0">
      <classes>
        <class name="Playground\Matrix\Resource\Policies\MilestonePolicy" filename="Policies/MilestonePolicy.php" line-rate="0" branch-rate="0" complexity="0">
          <methods/>
          <lines/>
        </class>
      </classes>
    </package>
    <package name="Policies/NotePolicy.php" line-rate="0" branch-rate="0" complexity="0">
      <classes>
        <class name="Playground\Matrix\Resource\Policies\NotePolicy" filename="Policies/NotePolicy.php" line-rate="0" branch-rate="0" complexity="0">
          <methods/>
          <lines/>
        </class>
      </classes>
    </package>
    <package name="Policies/ProjectPolicy.php" line-rate="0" branch-rate="0" complexity="0">
      <classes>
        <class name="Playground\Matrix\Resource\Policies\ProjectPolicy" filename="Policies/ProjectPolicy.php" line-rate="0" branch-rate="0" complexity="0">
          <methods/>
          <lines/>
        </class>
      </classes>
    </package>
    <package name="Policies/ReleasePolicy.php" line-rate="0" branch-rate="0" complexity="0">
      <classes>
        <class name="Playground\Matrix\Resource\Policies\ReleasePolicy" filename="Policies/ReleasePolicy.php" line-rate="0" branch-rate="0" complexity="0">
          <methods/>
          <lines/>
        </class>
      </classes>
    </package>
    <package name="Policies/RoadmapPolicy.php" line-rate="0" branch-rate="0" complexity="0">
      <classes>
        <class name="Playground\Matrix\Resource\Policies\RoadmapPolicy" filename="Policies/RoadmapPolicy.php" line-rate="0" branch-rate="0" complexity="0">
          <methods/>
          <lines/>
        </class>
      </classes>
    </package>
    <package name="Policies/SourcePolicy.php" line-rate="0" branch-rate="0" complexity="0">
      <classes>
        <class name="Playground\Matrix\Resource\Policies\SourcePolicy" filename="Policies/SourcePolicy.php" line-rate="0" branch-rate="0" complexity="0">
          <methods/>
          <lines/>
        </class>
      </classes>
    </package>
    <package name="Policies/SprintPolicy.php" line-rate="0" branch-rate="0" complexity="0">
      <classes>
        <class name="Playground\Matrix\Resource\Policies\SprintPolicy" filename="Policies/SprintPolicy.php" line-rate="0" branch-rate="0" complexity="0">
          <methods/>
          <lines/>
        </class>
      </classes>
    </package>
    <package name="Policies/TagPolicy.php" line-rate="0" branch-rate="0" complexity="0">
      <classes>
        <class name="Playground\Matrix\Resource\Policies\TagPolicy" filename="Policies/TagPolicy.php" line-rate="0" branch-rate="0" complexity="0">
          <methods/>
          <lines/>
        </class>
      </classes>
    </package>
    <package name="Policies/TeamPolicy.php" line-rate="0" branch-rate="0" complexity="0">
      <classes>
        <class name="Playground\Matrix\Resource\Policies\TeamPolicy" filename="Policies/TeamPolicy.php" line-rate="0" branch-rate="0" complexity="0">
          <methods/>
          <lines/>
        </class>
      </classes>
    </package>
    <package name="Policies/TicketPolicy.php" line-rate="0" branch-rate="0" complexity="0">
      <classes>
        <class name="Playground\Matrix\Resource\Policies\TicketPolicy" filename="Policies/TicketPolicy.php" line-rate="0" branch-rate="0" complexity="0">
          <methods/>
          <lines/>
        </class>
      </classes>
    </package>
    <package name="Policies/VersionPolicy.php" line-rate="0" branch-rate="0" complexity="0">
      <classes>
        <class name="Playground\Matrix\Resource\Policies\VersionPolicy" filename="Policies/VersionPolicy.php" line-rate="0" branch-rate="0" complexity="0">
          <methods/>
          <lines/>
        </class>
      </classes>
    </package>
    <package name="ServiceProvider.php" line-rate="0.87394957983193" branch-rate="0" complexity="78">
      <classes>
        <class name="Playground\Matrix\Resource\ServiceProvider" filename="ServiceProvider.php" line-rate="0.87394957983193" branch-rate="0" complexity="78">
          <methods>
            <method name="boot" signature="" line-rate="0.96153846153846" branch-rate="0" complexity="13">
              <lines>
                <line number="32" hits="888"/>
                <line number="34" hits="888"/>
                <line number="41" hits="888"/>
                <line number="42" hits="888"/>
                <line number="43" hits="888"/>
                <line number="45" hits="888"/>
                <line number="46" hits="888"/>
                <line number="49" hits="888"/>
                <line number="50" hits="888"/>
                <line number="51" hits="888"/>
                <line number="53" hits="888"/>
                <line number="56" hits="888"/>
                <line number="57" hits="888"/>
                <line number="58" hits="888"/>
                <line number="59" hits="888"/>
                <line number="60" hits="888"/>
                <line number="63" hits="888"/>
                <line number="65" hits="888"/>
                <line number="66" hits="888"/>
                <line number="67" hits="888"/>
                <line number="70" hits="888"/>
                <line number="71" hits="888"/>
                <line number="72" hits="888"/>
                <line number="76" hits="888"/>
                <line number="77" hits="0"/>
                <line number="80" hits="888"/>
              </lines>
            </method>
            <method name="register" signature="" line-rate="1" branch-rate="0" complexity="1">
              <lines>
                <line number="88" hits="888"/>
                <line number="89" hits="888"/>
                <line number="90" hits="888"/>
                <line number="91" hits="888"/>
              </lines>
            </method>
            <method name="setPolicies" signature="array $policies" line-rate="0.22222222222222" branch-rate="0" complexity="10">
              <lines>
                <line number="101" hits="888"/>
                <line number="102" hits="888"/>
                <line number="103" hits="0"/>
                <line number="104" hits="0"/>
                <line number="105" hits="0"/>
                <line number="106" hits="0"/>
                <line number="107" hits="0"/>
                <line number="108" hits="0"/>
                <line number="110" hits="0"/>
                <line number="112" hits="888"/>
                <line number="113" hits="0"/>
                <line number="114" hits="0"/>
                <line number="115" hits="0"/>
                <line number="116" hits="0"/>
                <line number="117" hits="0"/>
                <line number="118" hits="0"/>
                <line number="120" hits="0"/>
                <line number="122" hits="888"/>
              </lines>
            </method>
            <method name="routes" signature="array $config" line-rate="1" branch-rate="0" complexity="17">
              <lines>
                <line number="131" hits="888"/>
                <line number="132" hits="888"/>
                <line number="134" hits="888"/>
                <line number="135" hits="888"/>
                <line number="137" hits="888"/>
                <line number="138" hits="888"/>
                <line number="140" hits="888"/>
                <line number="141" hits="888"/>
                <line number="143" hits="888"/>
                <line number="144" hits="888"/>
                <line number="146" hits="888"/>
                <line number="147" hits="888"/>
                <line number="149" hits="888"/>
                <line number="150" hits="888"/>
                <line number="152" hits="888"/>
                <line number="153" hits="888"/>
                <line number="155" hits="888"/>
                <line number="156" hits="888"/>
                <line number="158" hits="888"/>
                <line number="159" hits="888"/>
                <line number="161" hits="888"/>
                <line number="162" hits="888"/>
                <line number="164" hits="888"/>
                <line number="165" hits="888"/>
                <line number="167" hits="888"/>
                <line number="168" hits="888"/>
                <line number="170" hits="888"/>
                <line number="171" hits="888"/>
                <line number="173" hits="888"/>
                <line number="174" hits="888"/>
                <line number="176" hits="888"/>
                <line number="177" hits="888"/>
              </lines>
            </method>
            <method name="about" signature="" line-rate="1" branch-rate="0" complexity="36">
              <lines>
                <line number="183" hits="888"/>
                <line number="184" hits="888"/>
                <line number="186" hits="888"/>
                <line number="188" hits="888"/>
                <line number="190" hits="888"/>
                <line number="192" hits="888"/>
                <line number="194" hits="888"/>
                <line number="196" hits="888"/>
                <line number="197" hits="888"/>
                <line number="198" hits="888"/>
                <line number="199" hits="888"/>
                <line number="201" hits="888"/>
                <line number="202" hits="888"/>
                <line number="203" hits="888"/>
                <line number="205" hits="888"/>
                <line number="207" hits="888"/>
                <line number="208" hits="888"/>
                <line number="209" hits="888"/>
                <line number="210" hits="888"/>
                <line number="212" hits="888"/>
                <line number="213" hits="888"/>
                <line number="214" hits="888"/>
                <line number="215" hits="888"/>
                <line number="216" hits="888"/>
                <line number="217" hits="888"/>
                <line number="218" hits="888"/>
                <line number="219" hits="888"/>
                <line number="220" hits="888"/>
                <line number="221" hits="888"/>
                <line number="222" hits="888"/>
                <line number="223" hits="888"/>
                <line number="224" hits="888"/>
                <line number="225" hits="888"/>
                <line number="226" hits="888"/>
                <line number="227" hits="888"/>
                <line number="229" hits="888"/>
                <line number="230" hits="888"/>
                <line number="231" hits="888"/>
              </lines>
            </method>
            <method name="version" signature="" line-rate="1" branch-rate="0" complexity="1">
              <lines>
                <line number="236" hits="888"/>
              </lines>
            </method>
          </methods>
          <lines>
            <line number="32" hits="888"/>
            <line number="34" hits="888"/>
            <line number="41" hits="888"/>
            <line number="42" hits="888"/>
            <line number="43" hits="888"/>
            <line number="45" hits="888"/>
            <line number="46" hits="888"/>
            <line number="49" hits="888"/>
            <line number="50" hits="888"/>
            <line number="51" hits="888"/>
            <line number="53" hits="888"/>
            <line number="56" hits="888"/>
            <line number="57" hits="888"/>
            <line number="58" hits="888"/>
            <line number="59" hits="888"/>
            <line number="60" hits="888"/>
            <line number="63" hits="888"/>
            <line number="65" hits="888"/>
            <line number="66" hits="888"/>
            <line number="67" hits="888"/>
            <line number="70" hits="888"/>
            <line number="71" hits="888"/>
            <line number="72" hits="888"/>
            <line number="76" hits="888"/>
            <line number="77" hits="0"/>
            <line number="80" hits="888"/>
            <line number="88" hits="888"/>
            <line number="89" hits="888"/>
            <line number="90" hits="888"/>
            <line number="91" hits="888"/>
            <line number="101" hits="888"/>
            <line number="102" hits="888"/>
            <line number="103" hits="0"/>
            <line number="104" hits="0"/>
            <line number="105" hits="0"/>
            <line number="106" hits="0"/>
            <line number="107" hits="0"/>
            <line number="108" hits="0"/>
            <line number="110" hits="0"/>
            <line number="112" hits="888"/>
            <line number="113" hits="0"/>
            <line number="114" hits="0"/>
            <line number="115" hits="0"/>
            <line number="116" hits="0"/>
            <line number="117" hits="0"/>
            <line number="118" hits="0"/>
            <line number="120" hits="0"/>
            <line number="122" hits="888"/>
            <line number="131" hits="888"/>
            <line number="132" hits="888"/>
            <line number="134" hits="888"/>
            <line number="135" hits="888"/>
            <line number="137" hits="888"/>
            <line number="138" hits="888"/>
            <line number="140" hits="888"/>
            <line number="141" hits="888"/>
            <line number="143" hits="888"/>
            <line number="144" hits="888"/>
            <line number="146" hits="888"/>
            <line number="147" hits="888"/>
            <line number="149" hits="888"/>
            <line number="150" hits="888"/>
            <line number="152" hits="888"/>
            <line number="153" hits="888"/>
            <line number="155" hits="888"/>
            <line number="156" hits="888"/>
            <line number="158" hits="888"/>
            <line number="159" hits="888"/>
            <line number="161" hits="888"/>
            <line number="162" hits="888"/>
            <line number="164" hits="888"/>
            <line number="165" hits="888"/>
            <line number="167" hits="888"/>
            <line number="168" hits="888"/>
            <line number="170" hits="888"/>
            <line number="171" hits="888"/>
            <line number="173" hits="888"/>
            <line number="174" hits="888"/>
            <line number="176" hits="888"/>
            <line number="177" hits="888"/>
            <line number="183" hits="888"/>
            <line number="184" hits="888"/>
            <line number="186" hits="888"/>
            <line number="188" hits="888"/>
            <line number="190" hits="888"/>
            <line number="192" hits="888"/>
            <line number="194" hits="888"/>
            <line number="196" hits="888"/>
            <line number="197" hits="888"/>
            <line number="198" hits="888"/>
            <line number="199" hits="888"/>
            <line number="201" hits="888"/>
            <line number="202" hits="888"/>
            <line number="203" hits="888"/>
            <line number="205" hits="888"/>
            <line number="207" hits="888"/>
            <line number="208" hits="888"/>
            <line number="209" hits="888"/>
            <line number="210" hits="888"/>
            <line number="212" hits="888"/>
            <line number="213" hits="888"/>
            <line number="214" hits="888"/>
            <line number="215" hits="888"/>
            <line number="216" hits="888"/>
            <line number="217" hits="888"/>
            <line number="218" hits="888"/>
            <line number="219" hits="888"/>
            <line number="220" hits="888"/>
            <line number="221" hits="888"/>
            <line number="222" hits="888"/>
            <line number="223" hits="888"/>
            <line number="224" hits="888"/>
            <line number="225" hits="888"/>
            <line number="226" hits="888"/>
            <line number="227" hits="888"/>
            <line number="229" hits="888"/>
            <line number="230" hits="888"/>
            <line number="231" hits="888"/>
            <line number="236" hits="888"/>
          </lines>
        </class>
      </classes>
    </package>
  </packages>
</coverage>
