<?xml version="1.0" encoding="UTF-8"?>
<testsuites>
  <testsuite name="/app/phpunit.xml.dist" tests="888" assertions="13309" errors="0" failures="0" skipped="0" time="395.413444">
    <testsuite name="Unit" tests="2" assertions="2" errors="0" failures="0" skipped="0" time="0.421626">
      <testsuite name="Tests\Unit\Playground\Matrix\Resource\Http\Requests\Backlog\CreateRequestTest" file="/app/tests/Unit/Http/Requests/Backlog/CreateRequestTest.php" tests="1" assertions="1" errors="0" failures="0" skipped="0" time="0.373120">
        <testcase name="test_request_instance" file="/app/vendor/gammamatrix/playground-test/src/Unit/Http/Requests/RequestCase.php" line="41" class="Tests\Unit\Playground\Matrix\Resource\Http\Requests\Backlog\CreateRequestTest" classname="Tests.Unit.Playground.Matrix.Resource.Http.Requests.Backlog.CreateRequestTest" assertions="1" time="0.373120"/>
      </testsuite>
      <testsuite name="Tests\Unit\Playground\Matrix\Resource\Policies\BacklogPolicy\PolicyTest" file="/app/tests/Unit/Policies/BacklogPolicy/PolicyTest.php" tests="1" assertions="1" errors="0" failures="0" skipped="0" time="0.048506">
        <testcase name="test_policy_instance" file="/app/tests/Unit/Policies/BacklogPolicy/PolicyTest.php" line="18" class="Tests\Unit\Playground\Matrix\Resource\Policies\BacklogPolicy\PolicyTest" classname="Tests.Unit.Playground.Matrix.Resource.Policies.BacklogPolicy.PolicyTest" assertions="1" time="0.048506"/>
      </testsuite>
    </testsuite>
    <testsuite name="Feature" tests="886" assertions="13307" errors="0" failures="0" skipped="0" time="394.991819">
      <testsuite name="Tests\Feature\Playground\Matrix\Resource\Console\Commands\About\CommandTest" file="/app/tests/Feature/Console/Commands/About/CommandTest.php" tests="1" assertions="2" errors="0" failures="0" skipped="0" time="0.331201">
        <testcase name="test_command_about_displays_package_information_and_succeed_with_code_0" file="/app/tests/Feature/Console/Commands/About/CommandTest.php" line="19" class="Tests\Feature\Playground\Matrix\Resource\Console\Commands\About\CommandTest" classname="Tests.Feature.Playground.Matrix.Resource.Console.Commands.About.CommandTest" assertions="2" time="0.331201"/>
      </testsuite>
      <testsuite name="Tests\Feature\Playground\Matrix\Resource\Http\Controllers\Playground\BacklogRouteTest" file="/app/tests/Feature/Http/Controllers/Playground/BacklogRouteTest.php" tests="59" assertions="903" errors="0" failures="0" skipped="0" time="25.312387">
        <testcase name="test_json_guest_cannot_get_create_info" file="/app/vendor/gammamatrix/playground-test/src/Feature/Http/Controllers/Resource/Playground/CreateJsonTrait.php" line="38" class="Tests\Feature\Playground\Matrix\Resource\Http\Controllers\Playground\BacklogRouteTest" classname="Tests.Feature.Playground.Matrix.Resource.Http.Controllers.Playground.BacklogRouteTest" assertions="1" time="0.497230"/>
        <testcase name="test_json_admin_can_get_create_info" file="/app/vendor/gammamatrix/playground-test/src/Feature/Http/Controllers/Resource/Playground/CreateJsonTrait.php" line="53" class="Tests\Feature\Playground\Matrix\Resource\Http\Controllers\Playground\BacklogRouteTest" classname="Tests.Feature.Playground.Matrix.Resource.Http.Controllers.Playground.BacklogRouteTest" assertions="91" time="0.452444"/>
        <testcase name="test_json_get_create_info_as_admin_with_invalid_parameter_and_fail_validation" file="/app/vendor/gammamatrix/playground-test/src/Feature/Http/Controllers/Resource/Playground/CreateJsonTrait.php" line="73" class="Tests\Feature\Playground\Matrix\Resource\Http\Controllers\Playground\BacklogRouteTest" classname="Tests.Feature.Playground.Matrix.Resource.Http.Controllers.Playground.BacklogRouteTest" assertions="4" time="0.409254"/>
        <testcase name="test_guest_cannot_render_create_view" file="/app/vendor/gammamatrix/playground-test/src/Feature/Http/Controllers/Resource/Playground/CreateTrait.php" line="33" class="Tests\Feature\Playground\Matrix\Resource\Http\Controllers\Playground\BacklogRouteTest" classname="Tests.Feature.Playground.Matrix.Resource.Http.Controllers.Playground.BacklogRouteTest" assertions="1" time="0.408656"/>
        <testcase name="test_admin_can_render_create_view" file="/app/vendor/gammamatrix/playground-test/src/Feature/Http/Controllers/Resource/Playground/CreateTrait.php" line="47" class="Tests\Feature\Playground\Matrix\Resource\Http\Controllers\Playground\BacklogRouteTest" classname="Tests.Feature.Playground.Matrix.Resource.Http.Controllers.Playground.BacklogRouteTest" assertions="2" time="0.529555"/>
        <testcase name="test_admin_can_render_create_view_with_return_url" file="/app/vendor/gammamatrix/playground-test/src/Feature/Http/Controllers/Resource/Playground/CreateTrait.php" line="65" class="Tests\Feature\Playground\Matrix\Resource\Http\Controllers\Playground\BacklogRouteTest" classname="Tests.Feature.Playground.Matrix.Resource.Http.Controllers.Playground.BacklogRouteTest" assertions="3" time="0.431332"/>
        <testcase name="test_create_view_as_admin_with_invalid_parameter_and_fail_validation_and_redirect" file="/app/vendor/gammamatrix/playground-test/src/Feature/Http/Controllers/Resource/Playground/CreateTrait.php" line="92" class="Tests\Feature\Playground\Matrix\Resource\Http\Controllers\Playground\BacklogRouteTest" classname="Tests.Feature.Playground.Matrix.Resource.Http.Controllers.Playground.BacklogRouteTest" assertions="5" time="0.409055"/>
        <testcase name="test_json_guest_cannot_destroy" file="/app/vendor/gammamatrix/playground-test/src/Feature/Http/Controllers/Resource/Playground/DestroyJsonTrait.php" line="31" class="Tests\Feature\Playground\Matrix\Resource\Http\Controllers\Playground\BacklogRouteTest" classname="Tests.Feature.Playground.Matrix.Resource.Http.Controllers.Playground.BacklogRouteTest" assertions="3" time="0.413262"/>
        <testcase name="test_json_destroy_as_admin_and_succeed" file="/app/vendor/gammamatrix/playground-test/src/Feature/Http/Controllers/Resource/Playground/DestroyJsonTrait.php" line="61" class="Tests\Feature\Playground\Matrix\Resource\Http\Controllers\Playground\BacklogRouteTest" classname="Tests.Feature.Playground.Matrix.Resource.Http.Controllers.Playground.BacklogRouteTest" assertions="5" time="0.414360"/>
        <testcase name="test_json_destroy_as_admin_and_succeed_with_force_delete" file="/app/vendor/gammamatrix/playground-test/src/Feature/Http/Controllers/Resource/Playground/DestroyJsonTrait.php" line="100" class="Tests\Feature\Playground\Matrix\Resource\Http\Controllers\Playground\BacklogRouteTest" classname="Tests.Feature.Playground.Matrix.Resource.Http.Controllers.Playground.BacklogRouteTest" assertions="4" time="0.407652"/>
        <testcase name="test_json_destroy_as_admin_and_succeed_with_no_content" file="/app/vendor/gammamatrix/playground-test/src/Feature/Http/Controllers/Resource/Playground/DestroyJsonTrait.php" line="132" class="Tests\Feature\Playground\Matrix\Resource\Http\Controllers\Playground\BacklogRouteTest" classname="Tests.Feature.Playground.Matrix.Resource.Http.Controllers.Playground.BacklogRouteTest" assertions="5" time="0.421159"/>
        <testcase name="test_json_destroy_as_admin_and_succeed_and_ignore_redirect" file="/app/vendor/gammamatrix/playground-test/src/Feature/Http/Controllers/Resource/Playground/DestroyJsonTrait.php" line="167" class="Tests\Feature\Playground\Matrix\Resource\Http\Controllers\Playground\BacklogRouteTest" classname="Tests.Feature.Playground.Matrix.Resource.Http.Controllers.Playground.BacklogRouteTest" assertions="5" time="0.410158"/>
        <testcase name="test_json_destroy_as_user_and_get_denied_and_no_force_delete_allowed" file="/app/vendor/gammamatrix/playground-test/src/Feature/Http/Controllers/Resource/Playground/DestroyJsonTrait.php" line="209" class="Tests\Feature\Playground\Matrix\Resource\Http\Controllers\Playground\BacklogRouteTest" classname="Tests.Feature.Playground.Matrix.Resource.Http.Controllers.Playground.BacklogRouteTest" assertions="3" time="0.416576"/>
        <testcase name="test_guest_cannot_destroy" file="/app/vendor/gammamatrix/playground-test/src/Feature/Http/Controllers/Resource/Playground/DestroyTrait.php" line="31" class="Tests\Feature\Playground\Matrix\Resource\Http\Controllers\Playground\BacklogRouteTest" classname="Tests.Feature.Playground.Matrix.Resource.Http.Controllers.Playground.BacklogRouteTest" assertions="3" time="0.403695"/>
        <testcase name="test_destroy_as_admin_and_succeed" file="/app/vendor/gammamatrix/playground-test/src/Feature/Http/Controllers/Resource/Playground/DestroyTrait.php" line="61" class="Tests\Feature\Playground\Matrix\Resource\Http\Controllers\Playground\BacklogRouteTest" classname="Tests.Feature.Playground.Matrix.Resource.Http.Controllers.Playground.BacklogRouteTest" assertions="5" time="0.422147"/>
        <testcase name="test_destroy_as_admin_and_succeed_with_force_delete" file="/app/vendor/gammamatrix/playground-test/src/Feature/Http/Controllers/Resource/Playground/DestroyTrait.php" line="97" class="Tests\Feature\Playground\Matrix\Resource\Http\Controllers\Playground\BacklogRouteTest" classname="Tests.Feature.Playground.Matrix.Resource.Http.Controllers.Playground.BacklogRouteTest" assertions="4" time="0.412803"/>
        <testcase name="test_destroy_as_admin_and_succeed_with_redirect_to_index_with_trash" file="/app/vendor/gammamatrix/playground-test/src/Feature/Http/Controllers/Resource/Playground/DestroyTrait.php" line="129" class="Tests\Feature\Playground\Matrix\Resource\Http\Controllers\Playground\BacklogRouteTest" classname="Tests.Feature.Playground.Matrix.Resource.Http.Controllers.Playground.BacklogRouteTest" assertions="5" time="0.412067"/>
        <testcase name="test_destroy_as_user_and_get_denied_and_no_force_delete_allowed" file="/app/vendor/gammamatrix/playground-test/src/Feature/Http/Controllers/Resource/Playground/DestroyTrait.php" line="171" class="Tests\Feature\Playground\Matrix\Resource\Http\Controllers\Playground\BacklogRouteTest" classname="Tests.Feature.Playground.Matrix.Resource.Http.Controllers.Playground.BacklogRouteTest" assertions="3" time="0.416389"/>
        <testcase name="test_json_guest_cannot_get_edit_info" file="/app/vendor/gammamatrix/playground-test/src/Feature/Http/Controllers/Resource/Playground/EditJsonTrait.php" line="38" class="Tests\Feature\Playground\Matrix\Resource\Http\Controllers\Playground\BacklogRouteTest" classname="Tests.Feature.Playground.Matrix.Resource.Http.Controllers.Playground.BacklogRouteTest" assertions="1" time="0.429688"/>
        <testcase name="test_json_admin_can_get_edit_info" file="/app/vendor/gammamatrix/playground-test/src/Feature/Http/Controllers/Resource/Playground/EditJsonTrait.php" line="58" class="Tests\Feature\Playground\Matrix\Resource\Http\Controllers\Playground\BacklogRouteTest" classname="Tests.Feature.Playground.Matrix.Resource.Http.Controllers.Playground.BacklogRouteTest" assertions="4" time="0.419197"/>
        <testcase name="test_json_edit_as_admin_and_fail_validation_with_invalid_parameter" file="/app/vendor/gammamatrix/playground-test/src/Feature/Http/Controllers/Resource/Playground/EditJsonTrait.php" line="87" class="Tests\Feature\Playground\Matrix\Resource\Http\Controllers\Playground\BacklogRouteTest" classname="Tests.Feature.Playground.Matrix.Resource.Http.Controllers.Playground.BacklogRouteTest" assertions="4" time="0.418853"/>
        <testcase name="test_guest_cannot_render_edit_view" file="/app/vendor/gammamatrix/playground-test/src/Feature/Http/Controllers/Resource/Playground/EditTrait.php" line="33" class="Tests\Feature\Playground\Matrix\Resource\Http\Controllers\Playground\BacklogRouteTest" classname="Tests.Feature.Playground.Matrix.Resource.Http.Controllers.Playground.BacklogRouteTest" assertions="1" time="0.400394"/>
        <testcase name="test_admin_can_render_edit_view" file="/app/vendor/gammamatrix/playground-test/src/Feature/Http/Controllers/Resource/Playground/EditTrait.php" line="53" class="Tests\Feature\Playground\Matrix\Resource\Http\Controllers\Playground\BacklogRouteTest" classname="Tests.Feature.Playground.Matrix.Resource.Http.Controllers.Playground.BacklogRouteTest" assertions="2" time="0.445258"/>
        <testcase name="test_admin_can_render_edit_view_with_return_url" file="/app/vendor/gammamatrix/playground-test/src/Feature/Http/Controllers/Resource/Playground/EditTrait.php" line="77" class="Tests\Feature\Playground\Matrix\Resource\Http\Controllers\Playground\BacklogRouteTest" classname="Tests.Feature.Playground.Matrix.Resource.Http.Controllers.Playground.BacklogRouteTest" assertions="3" time="0.443954"/>
        <testcase name="test_edit_view_as_admin_with_invalid_parameter_and_fail_validation_and_redirect" file="/app/vendor/gammamatrix/playground-test/src/Feature/Http/Controllers/Resource/Playground/EditTrait.php" line="109" class="Tests\Feature\Playground\Matrix\Resource\Http\Controllers\Playground\BacklogRouteTest" classname="Tests.Feature.Playground.Matrix.Resource.Http.Controllers.Playground.BacklogRouteTest" assertions="4" time="0.418165"/>
        <testcase name="test_json_guest_cannot_get_index" file="/app/vendor/gammamatrix/playground-test/src/Feature/Http/Controllers/Resource/Playground/IndexJsonTrait.php" line="34" class="Tests\Feature\Playground\Matrix\Resource\Http\Controllers\Playground\BacklogRouteTest" classname="Tests.Feature.Playground.Matrix.Resource.Http.Controllers.Playground.BacklogRouteTest" assertions="1" time="0.471988"/>
        <testcase name="test_json_admin_can_get_index" file="/app/vendor/gammamatrix/playground-test/src/Feature/Http/Controllers/Resource/Playground/IndexJsonTrait.php" line="49" class="Tests\Feature\Playground\Matrix\Resource\Http\Controllers\Playground\BacklogRouteTest" classname="Tests.Feature.Playground.Matrix.Resource.Http.Controllers.Playground.BacklogRouteTest" assertions="98" time="0.439676"/>
        <testcase name="test_json_admin_can_get_index_with_filters" file="/app/vendor/gammamatrix/playground-test/src/Feature/Http/Controllers/Resource/Playground/IndexJsonTrait.php" line="85" class="Tests\Feature\Playground\Matrix\Resource\Http\Controllers\Playground\BacklogRouteTest" classname="Tests.Feature.Playground.Matrix.Resource.Http.Controllers.Playground.BacklogRouteTest" assertions="3" time="0.435302"/>
        <testcase name="test_guest_cannot_render_index_view" file="/app/vendor/gammamatrix/playground-test/src/Feature/Http/Controllers/Resource/Playground/IndexTrait.php" line="29" class="Tests\Feature\Playground\Matrix\Resource\Http\Controllers\Playground\BacklogRouteTest" classname="Tests.Feature.Playground.Matrix.Resource.Http.Controllers.Playground.BacklogRouteTest" assertions="1" time="0.396662"/>
        <testcase name="test_admin_can_render_index_view" file="/app/vendor/gammamatrix/playground-test/src/Feature/Http/Controllers/Resource/Playground/IndexTrait.php" line="44" class="Tests\Feature\Playground\Matrix\Resource\Http\Controllers\Playground\BacklogRouteTest" classname="Tests.Feature.Playground.Matrix.Resource.Http.Controllers.Playground.BacklogRouteTest" assertions="2" time="0.519066"/>
        <testcase name="test_admin_can_render_index_view_with_filters" file="/app/vendor/gammamatrix/playground-test/src/Feature/Http/Controllers/Resource/Playground/IndexTrait.php" line="77" class="Tests\Feature\Playground\Matrix\Resource\Http\Controllers\Playground\BacklogRouteTest" classname="Tests.Feature.Playground.Matrix.Resource.Http.Controllers.Playground.BacklogRouteTest" assertions="3" time="0.452030"/>
        <testcase name="test_json_guest_cannot_lock" file="/app/vendor/gammamatrix/playground-test/src/Feature/Http/Controllers/Resource/Playground/LockJsonTrait.php" line="36" class="Tests\Feature\Playground\Matrix\Resource\Http\Controllers\Playground\BacklogRouteTest" classname="Tests.Feature.Playground.Matrix.Resource.Http.Controllers.Playground.BacklogRouteTest" assertions="3" time="0.409219"/>
        <testcase name="test_json_lock_as_admin_and_succeed" file="/app/vendor/gammamatrix/playground-test/src/Feature/Http/Controllers/Resource/Playground/LockJsonTrait.php" line="66" class="Tests\Feature\Playground\Matrix\Resource\Http\Controllers\Playground\BacklogRouteTest" classname="Tests.Feature.Playground.Matrix.Resource.Http.Controllers.Playground.BacklogRouteTest" assertions="3" time="0.426493"/>
        <testcase name="test_json_lock_as_admin_and_succeed_with_no_redirect" file="/app/vendor/gammamatrix/playground-test/src/Feature/Http/Controllers/Resource/Playground/LockJsonTrait.php" line="98" class="Tests\Feature\Playground\Matrix\Resource\Http\Controllers\Playground\BacklogRouteTest" classname="Tests.Feature.Playground.Matrix.Resource.Http.Controllers.Playground.BacklogRouteTest" assertions="93" time="0.423228"/>
        <testcase name="test_json_lock_as_user_and_get_denied" file="/app/vendor/gammamatrix/playground-test/src/Feature/Http/Controllers/Resource/Playground/LockJsonTrait.php" line="143" class="Tests\Feature\Playground\Matrix\Resource\Http\Controllers\Playground\BacklogRouteTest" classname="Tests.Feature.Playground.Matrix.Resource.Http.Controllers.Playground.BacklogRouteTest" assertions="3" time="0.423275"/>
        <testcase name="test_guest_cannot_lock" file="/app/vendor/gammamatrix/playground-test/src/Feature/Http/Controllers/Resource/Playground/LockTrait.php" line="31" class="Tests\Feature\Playground\Matrix\Resource\Http\Controllers\Playground\BacklogRouteTest" classname="Tests.Feature.Playground.Matrix.Resource.Http.Controllers.Playground.BacklogRouteTest" assertions="3" time="0.413073"/>
        <testcase name="test_lock_as_admin_and_succeed" file="/app/vendor/gammamatrix/playground-test/src/Feature/Http/Controllers/Resource/Playground/LockTrait.php" line="61" class="Tests\Feature\Playground\Matrix\Resource\Http\Controllers\Playground\BacklogRouteTest" classname="Tests.Feature.Playground.Matrix.Resource.Http.Controllers.Playground.BacklogRouteTest" assertions="4" time="0.422314"/>
        <testcase name="test_lock_as_admin_and_succeed_with_redirect_to_index_with_sorted_by_locked_desc" file="/app/vendor/gammamatrix/playground-test/src/Feature/Http/Controllers/Resource/Playground/LockTrait.php" line="95" class="Tests\Feature\Playground\Matrix\Resource\Http\Controllers\Playground\BacklogRouteTest" classname="Tests.Feature.Playground.Matrix.Resource.Http.Controllers.Playground.BacklogRouteTest" assertions="4" time="0.434926"/>
        <testcase name="test_lock_as_user_and_get_denied" file="/app/vendor/gammamatrix/playground-test/src/Feature/Http/Controllers/Resource/Playground/LockTrait.php" line="132" class="Tests\Feature\Playground\Matrix\Resource\Http\Controllers\Playground\BacklogRouteTest" classname="Tests.Feature.Playground.Matrix.Resource.Http.Controllers.Playground.BacklogRouteTest" assertions="3" time="0.419781"/>
        <testcase name="test_json_guest_cannot_restore" file="/app/vendor/gammamatrix/playground-test/src/Feature/Http/Controllers/Resource/Playground/RestoreJsonTrait.php" line="32" class="Tests\Feature\Playground\Matrix\Resource\Http\Controllers\Playground\BacklogRouteTest" classname="Tests.Feature.Playground.Matrix.Resource.Http.Controllers.Playground.BacklogRouteTest" assertions="3" time="0.449339"/>
        <testcase name="test_json_restore_as_admin_and_succeed" file="/app/vendor/gammamatrix/playground-test/src/Feature/Http/Controllers/Resource/Playground/RestoreJsonTrait.php" line="64" class="Tests\Feature\Playground\Matrix\Resource\Http\Controllers\Playground\BacklogRouteTest" classname="Tests.Feature.Playground.Matrix.Resource.Http.Controllers.Playground.BacklogRouteTest" assertions="93" time="0.426372"/>
        <testcase name="test_json_restore_as_admin_and_succeed_with_no_redirect" file="/app/vendor/gammamatrix/playground-test/src/Feature/Http/Controllers/Resource/Playground/RestoreJsonTrait.php" line="100" class="Tests\Feature\Playground\Matrix\Resource\Http\Controllers\Playground\BacklogRouteTest" classname="Tests.Feature.Playground.Matrix.Resource.Http.Controllers.Playground.BacklogRouteTest" assertions="93" time="0.443303"/>
        <testcase name="test_json_restore_as_user_and_get_denied" file="/app/vendor/gammamatrix/playground-test/src/Feature/Http/Controllers/Resource/Playground/RestoreJsonTrait.php" line="143" class="Tests\Feature\Playground\Matrix\Resource\Http\Controllers\Playground\BacklogRouteTest" classname="Tests.Feature.Playground.Matrix.Resource.Http.Controllers.Playground.BacklogRouteTest" assertions="3" time="0.419689"/>
        <testcase name="test_guest_cannot_restore" file="/app/vendor/gammamatrix/playground-test/src/Feature/Http/Controllers/Resource/Playground/RestoreTrait.php" line="32" class="Tests\Feature\Playground\Matrix\Resource\Http\Controllers\Playground\BacklogRouteTest" classname="Tests.Feature.Playground.Matrix.Resource.Http.Controllers.Playground.BacklogRouteTest" assertions="3" time="0.408347"/>
        <testcase name="test_restore_as_admin_and_succeed" file="/app/vendor/gammamatrix/playground-test/src/Feature/Http/Controllers/Resource/Playground/RestoreTrait.php" line="64" class="Tests\Feature\Playground\Matrix\Resource\Http\Controllers\Playground\BacklogRouteTest" classname="Tests.Feature.Playground.Matrix.Resource.Http.Controllers.Playground.BacklogRouteTest" assertions="4" time="0.425785"/>
        <testcase name="test_restore_as_admin_and_succeed_with_redirect_to_index_with_only_trash" file="/app/vendor/gammamatrix/playground-test/src/Feature/Http/Controllers/Resource/Playground/RestoreTrait.php" line="100" class="Tests\Feature\Playground\Matrix\Resource\Http\Controllers\Playground\BacklogRouteTest" classname="Tests.Feature.Playground.Matrix.Resource.Http.Controllers.Playground.BacklogRouteTest" assertions="4" time="0.428222"/>
        <testcase name="test_restore_as_user_and_get_denied" file="/app/vendor/gammamatrix/playground-test/src/Feature/Http/Controllers/Resource/Playground/RestoreTrait.php" line="146" class="Tests\Feature\Playground\Matrix\Resource\Http\Controllers\Playground\BacklogRouteTest" classname="Tests.Feature.Playground.Matrix.Resource.Http.Controllers.Playground.BacklogRouteTest" assertions="3" time="0.424878"/>
        <testcase name="test_json_guest_cannot_see_info" file="/app/vendor/gammamatrix/playground-test/src/Feature/Http/Controllers/Resource/Playground/ShowJsonTrait.php" line="29" class="Tests\Feature\Playground\Matrix\Resource\Http\Controllers\Playground\BacklogRouteTest" classname="Tests.Feature.Playground.Matrix.Resource.Http.Controllers.Playground.BacklogRouteTest" assertions="1" time="0.407123"/>
        <testcase name="test_json_show_info_for_admin" file="/app/vendor/gammamatrix/playground-test/src/Feature/Http/Controllers/Resource/Playground/ShowJsonTrait.php" line="49" class="Tests\Feature\Playground\Matrix\Resource\Http\Controllers\Playground\BacklogRouteTest" classname="Tests.Feature.Playground.Matrix.Resource.Http.Controllers.Playground.BacklogRouteTest" assertions="92" time="0.431855"/>
        <testcase name="test_guest_cannot_render_show_view" file="/app/vendor/gammamatrix/playground-test/src/Feature/Http/Controllers/Resource/Playground/ShowTrait.php" line="29" class="Tests\Feature\Playground\Matrix\Resource\Http\Controllers\Playground\BacklogRouteTest" classname="Tests.Feature.Playground.Matrix.Resource.Http.Controllers.Playground.BacklogRouteTest" assertions="1" time="0.417769"/>
        <testcase name="test_show_view_rendered_by_admin" file="/app/vendor/gammamatrix/playground-test/src/Feature/Http/Controllers/Resource/Playground/ShowTrait.php" line="49" class="Tests\Feature\Playground\Matrix\Resource\Http\Controllers\Playground\BacklogRouteTest" classname="Tests.Feature.Playground.Matrix.Resource.Http.Controllers.Playground.BacklogRouteTest" assertions="2" time="0.456399"/>
        <testcase name="test_json_guest_cannot_unlock" file="/app/vendor/gammamatrix/playground-test/src/Feature/Http/Controllers/Resource/Playground/UnlockJsonTrait.php" line="36" class="Tests\Feature\Playground\Matrix\Resource\Http\Controllers\Playground\BacklogRouteTest" classname="Tests.Feature.Playground.Matrix.Resource.Http.Controllers.Playground.BacklogRouteTest" assertions="3" time="0.417741"/>
        <testcase name="test_json_unlock_as_admin_and_succeed" file="/app/vendor/gammamatrix/playground-test/src/Feature/Http/Controllers/Resource/Playground/UnlockJsonTrait.php" line="68" class="Tests\Feature\Playground\Matrix\Resource\Http\Controllers\Playground\BacklogRouteTest" classname="Tests.Feature.Playground.Matrix.Resource.Http.Controllers.Playground.BacklogRouteTest" assertions="93" time="0.430741"/>
        <testcase name="test_json_unlock_as_admin_and_succeed_with_no_redirect" file="/app/vendor/gammamatrix/playground-test/src/Feature/Http/Controllers/Resource/Playground/UnlockJsonTrait.php" line="104" class="Tests\Feature\Playground\Matrix\Resource\Http\Controllers\Playground\BacklogRouteTest" classname="Tests.Feature.Playground.Matrix.Resource.Http.Controllers.Playground.BacklogRouteTest" assertions="93" time="0.439377"/>
        <testcase name="test_json_unlock_as_user_and_get_denied" file="/app/vendor/gammamatrix/playground-test/src/Feature/Http/Controllers/Resource/Playground/UnlockJsonTrait.php" line="145" class="Tests\Feature\Playground\Matrix\Resource\Http\Controllers\Playground\BacklogRouteTest" classname="Tests.Feature.Playground.Matrix.Resource.Http.Controllers.Playground.BacklogRouteTest" assertions="3" time="0.427786"/>
        <testcase name="test_guest_cannot_unlock" file="/app/vendor/gammamatrix/playground-test/src/Feature/Http/Controllers/Resource/Playground/UnlockTrait.php" line="36" class="Tests\Feature\Playground\Matrix\Resource\Http\Controllers\Playground\BacklogRouteTest" classname="Tests.Feature.Playground.Matrix.Resource.Http.Controllers.Playground.BacklogRouteTest" assertions="3" time="0.423716"/>
        <testcase name="test_unlock_as_admin_and_succeed" file="/app/vendor/gammamatrix/playground-test/src/Feature/Http/Controllers/Resource/Playground/UnlockTrait.php" line="68" class="Tests\Feature\Playground\Matrix\Resource\Http\Controllers\Playground\BacklogRouteTest" classname="Tests.Feature.Playground.Matrix.Resource.Http.Controllers.Playground.BacklogRouteTest" assertions="4" time="0.432879"/>
        <testcase name="test_unlock_as_admin_and_succeed_with_redirect_to_index_with_sorted_by_unlocked_desc" file="/app/vendor/gammamatrix/playground-test/src/Feature/Http/Controllers/Resource/Playground/UnlockTrait.php" line="109" class="Tests\Feature\Playground\Matrix\Resource\Http\Controllers\Playground\BacklogRouteTest" classname="Tests.Feature.Playground.Matrix.Resource.Http.Controllers.Playground.BacklogRouteTest" assertions="4" time="0.426227"/>
        <testcase name="test_unlock_as_user_and_get_denied" file="/app/vendor/gammamatrix/playground-test/src/Feature/Http/Controllers/Resource/Playground/UnlockTrait.php" line="148" class="Tests\Feature\Playground\Matrix\Resource\Http\Controllers\Playground\BacklogRouteTest" classname="Tests.Feature.Playground.Matrix.Resource.Http.Controllers.Playground.BacklogRouteTest" assertions="3" time="0.424503"/>
      </testsuite>
      <testsuite name="Tests\Feature\Playground\Matrix\Resource\Http\Controllers\Playground\BoardRouteTest" file="/app/tests/Feature/Http/Controllers/Playground/BoardRouteTest.php" tests="59" assertions="903" errors="0" failures="0" skipped="0" time="25.346755">
        <testcase name="test_json_guest_cannot_get_create_info" file="/app/vendor/gammamatrix/playground-test/src/Feature/Http/Controllers/Resource/Playground/CreateJsonTrait.php" line="38" class="Tests\Feature\Playground\Matrix\Resource\Http\Controllers\Playground\BoardRouteTest" classname="Tests.Feature.Playground.Matrix.Resource.Http.Controllers.Playground.BoardRouteTest" assertions="1" time="0.464388"/>
        <testcase name="test_json_admin_can_get_create_info" file="/app/vendor/gammamatrix/playground-test/src/Feature/Http/Controllers/Resource/Playground/CreateJsonTrait.php" line="53" class="Tests\Feature\Playground\Matrix\Resource\Http\Controllers\Playground\BoardRouteTest" classname="Tests.Feature.Playground.Matrix.Resource.Http.Controllers.Playground.BoardRouteTest" assertions="91" time="0.421530"/>
        <testcase name="test_json_get_create_info_as_admin_with_invalid_parameter_and_fail_validation" file="/app/vendor/gammamatrix/playground-test/src/Feature/Http/Controllers/Resource/Playground/CreateJsonTrait.php" line="73" class="Tests\Feature\Playground\Matrix\Resource\Http\Controllers\Playground\BoardRouteTest" classname="Tests.Feature.Playground.Matrix.Resource.Http.Controllers.Playground.BoardRouteTest" assertions="4" time="0.407475"/>
        <testcase name="test_guest_cannot_render_create_view" file="/app/vendor/gammamatrix/playground-test/src/Feature/Http/Controllers/Resource/Playground/CreateTrait.php" line="33" class="Tests\Feature\Playground\Matrix\Resource\Http\Controllers\Playground\BoardRouteTest" classname="Tests.Feature.Playground.Matrix.Resource.Http.Controllers.Playground.BoardRouteTest" assertions="1" time="0.404074"/>
        <testcase name="test_admin_can_render_create_view" file="/app/vendor/gammamatrix/playground-test/src/Feature/Http/Controllers/Resource/Playground/CreateTrait.php" line="47" class="Tests\Feature\Playground\Matrix\Resource\Http\Controllers\Playground\BoardRouteTest" classname="Tests.Feature.Playground.Matrix.Resource.Http.Controllers.Playground.BoardRouteTest" assertions="2" time="0.454357"/>
        <testcase name="test_admin_can_render_create_view_with_return_url" file="/app/vendor/gammamatrix/playground-test/src/Feature/Http/Controllers/Resource/Playground/CreateTrait.php" line="65" class="Tests\Feature\Playground\Matrix\Resource\Http\Controllers\Playground\BoardRouteTest" classname="Tests.Feature.Playground.Matrix.Resource.Http.Controllers.Playground.BoardRouteTest" assertions="3" time="0.428600"/>
        <testcase name="test_create_view_as_admin_with_invalid_parameter_and_fail_validation_and_redirect" file="/app/vendor/gammamatrix/playground-test/src/Feature/Http/Controllers/Resource/Playground/CreateTrait.php" line="92" class="Tests\Feature\Playground\Matrix\Resource\Http\Controllers\Playground\BoardRouteTest" classname="Tests.Feature.Playground.Matrix.Resource.Http.Controllers.Playground.BoardRouteTest" assertions="5" time="0.414727"/>
        <testcase name="test_json_guest_cannot_destroy" file="/app/vendor/gammamatrix/playground-test/src/Feature/Http/Controllers/Resource/Playground/DestroyJsonTrait.php" line="31" class="Tests\Feature\Playground\Matrix\Resource\Http\Controllers\Playground\BoardRouteTest" classname="Tests.Feature.Playground.Matrix.Resource.Http.Controllers.Playground.BoardRouteTest" assertions="3" time="0.411984"/>
        <testcase name="test_json_destroy_as_admin_and_succeed" file="/app/vendor/gammamatrix/playground-test/src/Feature/Http/Controllers/Resource/Playground/DestroyJsonTrait.php" line="61" class="Tests\Feature\Playground\Matrix\Resource\Http\Controllers\Playground\BoardRouteTest" classname="Tests.Feature.Playground.Matrix.Resource.Http.Controllers.Playground.BoardRouteTest" assertions="5" time="0.419721"/>
        <testcase name="test_json_destroy_as_admin_and_succeed_with_force_delete" file="/app/vendor/gammamatrix/playground-test/src/Feature/Http/Controllers/Resource/Playground/DestroyJsonTrait.php" line="100" class="Tests\Feature\Playground\Matrix\Resource\Http\Controllers\Playground\BoardRouteTest" classname="Tests.Feature.Playground.Matrix.Resource.Http.Controllers.Playground.BoardRouteTest" assertions="4" time="0.409303"/>
        <testcase name="test_json_destroy_as_admin_and_succeed_with_no_content" file="/app/vendor/gammamatrix/playground-test/src/Feature/Http/Controllers/Resource/Playground/DestroyJsonTrait.php" line="132" class="Tests\Feature\Playground\Matrix\Resource\Http\Controllers\Playground\BoardRouteTest" classname="Tests.Feature.Playground.Matrix.Resource.Http.Controllers.Playground.BoardRouteTest" assertions="5" time="0.422857"/>
        <testcase name="test_json_destroy_as_admin_and_succeed_and_ignore_redirect" file="/app/vendor/gammamatrix/playground-test/src/Feature/Http/Controllers/Resource/Playground/DestroyJsonTrait.php" line="167" class="Tests\Feature\Playground\Matrix\Resource\Http\Controllers\Playground\BoardRouteTest" classname="Tests.Feature.Playground.Matrix.Resource.Http.Controllers.Playground.BoardRouteTest" assertions="5" time="0.419922"/>
        <testcase name="test_json_destroy_as_user_and_get_denied_and_no_force_delete_allowed" file="/app/vendor/gammamatrix/playground-test/src/Feature/Http/Controllers/Resource/Playground/DestroyJsonTrait.php" line="209" class="Tests\Feature\Playground\Matrix\Resource\Http\Controllers\Playground\BoardRouteTest" classname="Tests.Feature.Playground.Matrix.Resource.Http.Controllers.Playground.BoardRouteTest" assertions="3" time="0.410917"/>
        <testcase name="test_guest_cannot_destroy" file="/app/vendor/gammamatrix/playground-test/src/Feature/Http/Controllers/Resource/Playground/DestroyTrait.php" line="31" class="Tests\Feature\Playground\Matrix\Resource\Http\Controllers\Playground\BoardRouteTest" classname="Tests.Feature.Playground.Matrix.Resource.Http.Controllers.Playground.BoardRouteTest" assertions="3" time="0.410406"/>
        <testcase name="test_destroy_as_admin_and_succeed" file="/app/vendor/gammamatrix/playground-test/src/Feature/Http/Controllers/Resource/Playground/DestroyTrait.php" line="61" class="Tests\Feature\Playground\Matrix\Resource\Http\Controllers\Playground\BoardRouteTest" classname="Tests.Feature.Playground.Matrix.Resource.Http.Controllers.Playground.BoardRouteTest" assertions="5" time="0.417013"/>
        <testcase name="test_destroy_as_admin_and_succeed_with_force_delete" file="/app/vendor/gammamatrix/playground-test/src/Feature/Http/Controllers/Resource/Playground/DestroyTrait.php" line="97" class="Tests\Feature\Playground\Matrix\Resource\Http\Controllers\Playground\BoardRouteTest" classname="Tests.Feature.Playground.Matrix.Resource.Http.Controllers.Playground.BoardRouteTest" assertions="4" time="0.421024"/>
        <testcase name="test_destroy_as_admin_and_succeed_with_redirect_to_index_with_trash" file="/app/vendor/gammamatrix/playground-test/src/Feature/Http/Controllers/Resource/Playground/DestroyTrait.php" line="129" class="Tests\Feature\Playground\Matrix\Resource\Http\Controllers\Playground\BoardRouteTest" classname="Tests.Feature.Playground.Matrix.Resource.Http.Controllers.Playground.BoardRouteTest" assertions="5" time="0.417913"/>
        <testcase name="test_destroy_as_user_and_get_denied_and_no_force_delete_allowed" file="/app/vendor/gammamatrix/playground-test/src/Feature/Http/Controllers/Resource/Playground/DestroyTrait.php" line="171" class="Tests\Feature\Playground\Matrix\Resource\Http\Controllers\Playground\BoardRouteTest" classname="Tests.Feature.Playground.Matrix.Resource.Http.Controllers.Playground.BoardRouteTest" assertions="3" time="0.420175"/>
        <testcase name="test_json_guest_cannot_get_edit_info" file="/app/vendor/gammamatrix/playground-test/src/Feature/Http/Controllers/Resource/Playground/EditJsonTrait.php" line="38" class="Tests\Feature\Playground\Matrix\Resource\Http\Controllers\Playground\BoardRouteTest" classname="Tests.Feature.Playground.Matrix.Resource.Http.Controllers.Playground.BoardRouteTest" assertions="1" time="0.433194"/>
        <testcase name="test_json_admin_can_get_edit_info" file="/app/vendor/gammamatrix/playground-test/src/Feature/Http/Controllers/Resource/Playground/EditJsonTrait.php" line="58" class="Tests\Feature\Playground\Matrix\Resource\Http\Controllers\Playground\BoardRouteTest" classname="Tests.Feature.Playground.Matrix.Resource.Http.Controllers.Playground.BoardRouteTest" assertions="4" time="0.431430"/>
        <testcase name="test_json_edit_as_admin_and_fail_validation_with_invalid_parameter" file="/app/vendor/gammamatrix/playground-test/src/Feature/Http/Controllers/Resource/Playground/EditJsonTrait.php" line="87" class="Tests\Feature\Playground\Matrix\Resource\Http\Controllers\Playground\BoardRouteTest" classname="Tests.Feature.Playground.Matrix.Resource.Http.Controllers.Playground.BoardRouteTest" assertions="4" time="0.428900"/>
        <testcase name="test_guest_cannot_render_edit_view" file="/app/vendor/gammamatrix/playground-test/src/Feature/Http/Controllers/Resource/Playground/EditTrait.php" line="33" class="Tests\Feature\Playground\Matrix\Resource\Http\Controllers\Playground\BoardRouteTest" classname="Tests.Feature.Playground.Matrix.Resource.Http.Controllers.Playground.BoardRouteTest" assertions="1" time="0.414000"/>
        <testcase name="test_admin_can_render_edit_view" file="/app/vendor/gammamatrix/playground-test/src/Feature/Http/Controllers/Resource/Playground/EditTrait.php" line="53" class="Tests\Feature\Playground\Matrix\Resource\Http\Controllers\Playground\BoardRouteTest" classname="Tests.Feature.Playground.Matrix.Resource.Http.Controllers.Playground.BoardRouteTest" assertions="2" time="0.450751"/>
        <testcase name="test_admin_can_render_edit_view_with_return_url" file="/app/vendor/gammamatrix/playground-test/src/Feature/Http/Controllers/Resource/Playground/EditTrait.php" line="77" class="Tests\Feature\Playground\Matrix\Resource\Http\Controllers\Playground\BoardRouteTest" classname="Tests.Feature.Playground.Matrix.Resource.Http.Controllers.Playground.BoardRouteTest" assertions="3" time="0.454556"/>
        <testcase name="test_edit_view_as_admin_with_invalid_parameter_and_fail_validation_and_redirect" file="/app/vendor/gammamatrix/playground-test/src/Feature/Http/Controllers/Resource/Playground/EditTrait.php" line="109" class="Tests\Feature\Playground\Matrix\Resource\Http\Controllers\Playground\BoardRouteTest" classname="Tests.Feature.Playground.Matrix.Resource.Http.Controllers.Playground.BoardRouteTest" assertions="4" time="0.421570"/>
        <testcase name="test_json_guest_cannot_get_index" file="/app/vendor/gammamatrix/playground-test/src/Feature/Http/Controllers/Resource/Playground/IndexJsonTrait.php" line="34" class="Tests\Feature\Playground\Matrix\Resource\Http\Controllers\Playground\BoardRouteTest" classname="Tests.Feature.Playground.Matrix.Resource.Http.Controllers.Playground.BoardRouteTest" assertions="1" time="0.459364"/>
        <testcase name="test_json_admin_can_get_index" file="/app/vendor/gammamatrix/playground-test/src/Feature/Http/Controllers/Resource/Playground/IndexJsonTrait.php" line="49" class="Tests\Feature\Playground\Matrix\Resource\Http\Controllers\Playground\BoardRouteTest" classname="Tests.Feature.Playground.Matrix.Resource.Http.Controllers.Playground.BoardRouteTest" assertions="98" time="0.438043"/>
        <testcase name="test_json_admin_can_get_index_with_filters" file="/app/vendor/gammamatrix/playground-test/src/Feature/Http/Controllers/Resource/Playground/IndexJsonTrait.php" line="85" class="Tests\Feature\Playground\Matrix\Resource\Http\Controllers\Playground\BoardRouteTest" classname="Tests.Feature.Playground.Matrix.Resource.Http.Controllers.Playground.BoardRouteTest" assertions="3" time="0.435461"/>
        <testcase name="test_guest_cannot_render_index_view" file="/app/vendor/gammamatrix/playground-test/src/Feature/Http/Controllers/Resource/Playground/IndexTrait.php" line="29" class="Tests\Feature\Playground\Matrix\Resource\Http\Controllers\Playground\BoardRouteTest" classname="Tests.Feature.Playground.Matrix.Resource.Http.Controllers.Playground.BoardRouteTest" assertions="1" time="0.405092"/>
        <testcase name="test_admin_can_render_index_view" file="/app/vendor/gammamatrix/playground-test/src/Feature/Http/Controllers/Resource/Playground/IndexTrait.php" line="44" class="Tests\Feature\Playground\Matrix\Resource\Http\Controllers\Playground\BoardRouteTest" classname="Tests.Feature.Playground.Matrix.Resource.Http.Controllers.Playground.BoardRouteTest" assertions="2" time="0.463915"/>
        <testcase name="test_admin_can_render_index_view_with_filters" file="/app/vendor/gammamatrix/playground-test/src/Feature/Http/Controllers/Resource/Playground/IndexTrait.php" line="77" class="Tests\Feature\Playground\Matrix\Resource\Http\Controllers\Playground\BoardRouteTest" classname="Tests.Feature.Playground.Matrix.Resource.Http.Controllers.Playground.BoardRouteTest" assertions="3" time="0.449302"/>
        <testcase name="test_json_guest_cannot_lock" file="/app/vendor/gammamatrix/playground-test/src/Feature/Http/Controllers/Resource/Playground/LockJsonTrait.php" line="36" class="Tests\Feature\Playground\Matrix\Resource\Http\Controllers\Playground\BoardRouteTest" classname="Tests.Feature.Playground.Matrix.Resource.Http.Controllers.Playground.BoardRouteTest" assertions="3" time="0.413930"/>
        <testcase name="test_json_lock_as_admin_and_succeed" file="/app/vendor/gammamatrix/playground-test/src/Feature/Http/Controllers/Resource/Playground/LockJsonTrait.php" line="66" class="Tests\Feature\Playground\Matrix\Resource\Http\Controllers\Playground\BoardRouteTest" classname="Tests.Feature.Playground.Matrix.Resource.Http.Controllers.Playground.BoardRouteTest" assertions="3" time="0.434039"/>
        <testcase name="test_json_lock_as_admin_and_succeed_with_no_redirect" file="/app/vendor/gammamatrix/playground-test/src/Feature/Http/Controllers/Resource/Playground/LockJsonTrait.php" line="98" class="Tests\Feature\Playground\Matrix\Resource\Http\Controllers\Playground\BoardRouteTest" classname="Tests.Feature.Playground.Matrix.Resource.Http.Controllers.Playground.BoardRouteTest" assertions="93" time="0.431812"/>
        <testcase name="test_json_lock_as_user_and_get_denied" file="/app/vendor/gammamatrix/playground-test/src/Feature/Http/Controllers/Resource/Playground/LockJsonTrait.php" line="143" class="Tests\Feature\Playground\Matrix\Resource\Http\Controllers\Playground\BoardRouteTest" classname="Tests.Feature.Playground.Matrix.Resource.Http.Controllers.Playground.BoardRouteTest" assertions="3" time="0.427369"/>
        <testcase name="test_guest_cannot_lock" file="/app/vendor/gammamatrix/playground-test/src/Feature/Http/Controllers/Resource/Playground/LockTrait.php" line="31" class="Tests\Feature\Playground\Matrix\Resource\Http\Controllers\Playground\BoardRouteTest" classname="Tests.Feature.Playground.Matrix.Resource.Http.Controllers.Playground.BoardRouteTest" assertions="3" time="0.407917"/>
        <testcase name="test_lock_as_admin_and_succeed" file="/app/vendor/gammamatrix/playground-test/src/Feature/Http/Controllers/Resource/Playground/LockTrait.php" line="61" class="Tests\Feature\Playground\Matrix\Resource\Http\Controllers\Playground\BoardRouteTest" classname="Tests.Feature.Playground.Matrix.Resource.Http.Controllers.Playground.BoardRouteTest" assertions="4" time="0.421963"/>
        <testcase name="test_lock_as_admin_and_succeed_with_redirect_to_index_with_sorted_by_locked_desc" file="/app/vendor/gammamatrix/playground-test/src/Feature/Http/Controllers/Resource/Playground/LockTrait.php" line="95" class="Tests\Feature\Playground\Matrix\Resource\Http\Controllers\Playground\BoardRouteTest" classname="Tests.Feature.Playground.Matrix.Resource.Http.Controllers.Playground.BoardRouteTest" assertions="4" time="0.450869"/>
        <testcase name="test_lock_as_user_and_get_denied" file="/app/vendor/gammamatrix/playground-test/src/Feature/Http/Controllers/Resource/Playground/LockTrait.php" line="132" class="Tests\Feature\Playground\Matrix\Resource\Http\Controllers\Playground\BoardRouteTest" classname="Tests.Feature.Playground.Matrix.Resource.Http.Controllers.Playground.BoardRouteTest" assertions="3" time="0.422134"/>
        <testcase name="test_json_guest_cannot_restore" file="/app/vendor/gammamatrix/playground-test/src/Feature/Http/Controllers/Resource/Playground/RestoreJsonTrait.php" line="32" class="Tests\Feature\Playground\Matrix\Resource\Http\Controllers\Playground\BoardRouteTest" classname="Tests.Feature.Playground.Matrix.Resource.Http.Controllers.Playground.BoardRouteTest" assertions="3" time="0.423262"/>
        <testcase name="test_json_restore_as_admin_and_succeed" file="/app/vendor/gammamatrix/playground-test/src/Feature/Http/Controllers/Resource/Playground/RestoreJsonTrait.php" line="64" class="Tests\Feature\Playground\Matrix\Resource\Http\Controllers\Playground\BoardRouteTest" classname="Tests.Feature.Playground.Matrix.Resource.Http.Controllers.Playground.BoardRouteTest" assertions="93" time="0.446349"/>
        <testcase name="test_json_restore_as_admin_and_succeed_with_no_redirect" file="/app/vendor/gammamatrix/playground-test/src/Feature/Http/Controllers/Resource/Playground/RestoreJsonTrait.php" line="100" class="Tests\Feature\Playground\Matrix\Resource\Http\Controllers\Playground\BoardRouteTest" classname="Tests.Feature.Playground.Matrix.Resource.Http.Controllers.Playground.BoardRouteTest" assertions="93" time="0.443635"/>
        <testcase name="test_json_restore_as_user_and_get_denied" file="/app/vendor/gammamatrix/playground-test/src/Feature/Http/Controllers/Resource/Playground/RestoreJsonTrait.php" line="143" class="Tests\Feature\Playground\Matrix\Resource\Http\Controllers\Playground\BoardRouteTest" classname="Tests.Feature.Playground.Matrix.Resource.Http.Controllers.Playground.BoardRouteTest" assertions="3" time="0.427185"/>
        <testcase name="test_guest_cannot_restore" file="/app/vendor/gammamatrix/playground-test/src/Feature/Http/Controllers/Resource/Playground/RestoreTrait.php" line="32" class="Tests\Feature\Playground\Matrix\Resource\Http\Controllers\Playground\BoardRouteTest" classname="Tests.Feature.Playground.Matrix.Resource.Http.Controllers.Playground.BoardRouteTest" assertions="3" time="0.416824"/>
        <testcase name="test_restore_as_admin_and_succeed" file="/app/vendor/gammamatrix/playground-test/src/Feature/Http/Controllers/Resource/Playground/RestoreTrait.php" line="64" class="Tests\Feature\Playground\Matrix\Resource\Http\Controllers\Playground\BoardRouteTest" classname="Tests.Feature.Playground.Matrix.Resource.Http.Controllers.Playground.BoardRouteTest" assertions="4" time="0.445224"/>
        <testcase name="test_restore_as_admin_and_succeed_with_redirect_to_index_with_only_trash" file="/app/vendor/gammamatrix/playground-test/src/Feature/Http/Controllers/Resource/Playground/RestoreTrait.php" line="100" class="Tests\Feature\Playground\Matrix\Resource\Http\Controllers\Playground\BoardRouteTest" classname="Tests.Feature.Playground.Matrix.Resource.Http.Controllers.Playground.BoardRouteTest" assertions="4" time="0.435350"/>
        <testcase name="test_restore_as_user_and_get_denied" file="/app/vendor/gammamatrix/playground-test/src/Feature/Http/Controllers/Resource/Playground/RestoreTrait.php" line="146" class="Tests\Feature\Playground\Matrix\Resource\Http\Controllers\Playground\BoardRouteTest" classname="Tests.Feature.Playground.Matrix.Resource.Http.Controllers.Playground.BoardRouteTest" assertions="3" time="0.438940"/>
        <testcase name="test_json_guest_cannot_see_info" file="/app/vendor/gammamatrix/playground-test/src/Feature/Http/Controllers/Resource/Playground/ShowJsonTrait.php" line="29" class="Tests\Feature\Playground\Matrix\Resource\Http\Controllers\Playground\BoardRouteTest" classname="Tests.Feature.Playground.Matrix.Resource.Http.Controllers.Playground.BoardRouteTest" assertions="1" time="0.416254"/>
        <testcase name="test_json_show_info_for_admin" file="/app/vendor/gammamatrix/playground-test/src/Feature/Http/Controllers/Resource/Playground/ShowJsonTrait.php" line="49" class="Tests\Feature\Playground\Matrix\Resource\Http\Controllers\Playground\BoardRouteTest" classname="Tests.Feature.Playground.Matrix.Resource.Http.Controllers.Playground.BoardRouteTest" assertions="92" time="0.449409"/>
        <testcase name="test_guest_cannot_render_show_view" file="/app/vendor/gammamatrix/playground-test/src/Feature/Http/Controllers/Resource/Playground/ShowTrait.php" line="29" class="Tests\Feature\Playground\Matrix\Resource\Http\Controllers\Playground\BoardRouteTest" classname="Tests.Feature.Playground.Matrix.Resource.Http.Controllers.Playground.BoardRouteTest" assertions="1" time="0.423316"/>
        <testcase name="test_show_view_rendered_by_admin" file="/app/vendor/gammamatrix/playground-test/src/Feature/Http/Controllers/Resource/Playground/ShowTrait.php" line="49" class="Tests\Feature\Playground\Matrix\Resource\Http\Controllers\Playground\BoardRouteTest" classname="Tests.Feature.Playground.Matrix.Resource.Http.Controllers.Playground.BoardRouteTest" assertions="2" time="0.439654"/>
        <testcase name="test_json_guest_cannot_unlock" file="/app/vendor/gammamatrix/playground-test/src/Feature/Http/Controllers/Resource/Playground/UnlockJsonTrait.php" line="36" class="Tests\Feature\Playground\Matrix\Resource\Http\Controllers\Playground\BoardRouteTest" classname="Tests.Feature.Playground.Matrix.Resource.Http.Controllers.Playground.BoardRouteTest" assertions="3" time="0.427966"/>
        <testcase name="test_json_unlock_as_admin_and_succeed" file="/app/vendor/gammamatrix/playground-test/src/Feature/Http/Controllers/Resource/Playground/UnlockJsonTrait.php" line="68" class="Tests\Feature\Playground\Matrix\Resource\Http\Controllers\Playground\BoardRouteTest" classname="Tests.Feature.Playground.Matrix.Resource.Http.Controllers.Playground.BoardRouteTest" assertions="93" time="0.437502"/>
        <testcase name="test_json_unlock_as_admin_and_succeed_with_no_redirect" file="/app/vendor/gammamatrix/playground-test/src/Feature/Http/Controllers/Resource/Playground/UnlockJsonTrait.php" line="104" class="Tests\Feature\Playground\Matrix\Resource\Http\Controllers\Playground\BoardRouteTest" classname="Tests.Feature.Playground.Matrix.Resource.Http.Controllers.Playground.BoardRouteTest" assertions="93" time="0.448842"/>
        <testcase name="test_json_unlock_as_user_and_get_denied" file="/app/vendor/gammamatrix/playground-test/src/Feature/Http/Controllers/Resource/Playground/UnlockJsonTrait.php" line="145" class="Tests\Feature\Playground\Matrix\Resource\Http\Controllers\Playground\BoardRouteTest" classname="Tests.Feature.Playground.Matrix.Resource.Http.Controllers.Playground.BoardRouteTest" assertions="3" time="0.420125"/>
        <testcase name="test_guest_cannot_unlock" file="/app/vendor/gammamatrix/playground-test/src/Feature/Http/Controllers/Resource/Playground/UnlockTrait.php" line="36" class="Tests\Feature\Playground\Matrix\Resource\Http\Controllers\Playground\BoardRouteTest" classname="Tests.Feature.Playground.Matrix.Resource.Http.Controllers.Playground.BoardRouteTest" assertions="3" time="0.441846"/>
        <testcase name="test_unlock_as_admin_and_succeed" file="/app/vendor/gammamatrix/playground-test/src/Feature/Http/Controllers/Resource/Playground/UnlockTrait.php" line="68" class="Tests\Feature\Playground\Matrix\Resource\Http\Controllers\Playground\BoardRouteTest" classname="Tests.Feature.Playground.Matrix.Resource.Http.Controllers.Playground.BoardRouteTest" assertions="4" time="0.430511"/>
        <testcase name="test_unlock_as_admin_and_succeed_with_redirect_to_index_with_sorted_by_unlocked_desc" file="/app/vendor/gammamatrix/playground-test/src/Feature/Http/Controllers/Resource/Playground/UnlockTrait.php" line="109" class="Tests\Feature\Playground\Matrix\Resource\Http\Controllers\Playground\BoardRouteTest" classname="Tests.Feature.Playground.Matrix.Resource.Http.Controllers.Playground.BoardRouteTest" assertions="4" time="0.426374"/>
        <testcase name="test_unlock_as_user_and_get_denied" file="/app/vendor/gammamatrix/playground-test/src/Feature/Http/Controllers/Resource/Playground/UnlockTrait.php" line="148" class="Tests\Feature\Playground\Matrix\Resource\Http\Controllers\Playground\BoardRouteTest" classname="Tests.Feature.Playground.Matrix.Resource.Http.Controllers.Playground.BoardRouteTest" assertions="3" time="0.436190"/>
      </testsuite>
      <testsuite name="Tests\Feature\Playground\Matrix\Resource\Http\Controllers\Playground\EpicRouteTest" file="/app/tests/Feature/Http/Controllers/Playground/EpicRouteTest.php" tests="59" assertions="903" errors="0" failures="0" skipped="0" time="25.498348">
        <testcase name="test_json_guest_cannot_get_create_info" file="/app/vendor/gammamatrix/playground-test/src/Feature/Http/Controllers/Resource/Playground/CreateJsonTrait.php" line="38" class="Tests\Feature\Playground\Matrix\Resource\Http\Controllers\Playground\EpicRouteTest" classname="Tests.Feature.Playground.Matrix.Resource.Http.Controllers.Playground.EpicRouteTest" assertions="1" time="0.462499"/>
        <testcase name="test_json_admin_can_get_create_info" file="/app/vendor/gammamatrix/playground-test/src/Feature/Http/Controllers/Resource/Playground/CreateJsonTrait.php" line="53" class="Tests\Feature\Playground\Matrix\Resource\Http\Controllers\Playground\EpicRouteTest" classname="Tests.Feature.Playground.Matrix.Resource.Http.Controllers.Playground.EpicRouteTest" assertions="91" time="0.425205"/>
        <testcase name="test_json_get_create_info_as_admin_with_invalid_parameter_and_fail_validation" file="/app/vendor/gammamatrix/playground-test/src/Feature/Http/Controllers/Resource/Playground/CreateJsonTrait.php" line="73" class="Tests\Feature\Playground\Matrix\Resource\Http\Controllers\Playground\EpicRouteTest" classname="Tests.Feature.Playground.Matrix.Resource.Http.Controllers.Playground.EpicRouteTest" assertions="4" time="0.409452"/>
        <testcase name="test_guest_cannot_render_create_view" file="/app/vendor/gammamatrix/playground-test/src/Feature/Http/Controllers/Resource/Playground/CreateTrait.php" line="33" class="Tests\Feature\Playground\Matrix\Resource\Http\Controllers\Playground\EpicRouteTest" classname="Tests.Feature.Playground.Matrix.Resource.Http.Controllers.Playground.EpicRouteTest" assertions="1" time="0.407004"/>
        <testcase name="test_admin_can_render_create_view" file="/app/vendor/gammamatrix/playground-test/src/Feature/Http/Controllers/Resource/Playground/CreateTrait.php" line="47" class="Tests\Feature\Playground\Matrix\Resource\Http\Controllers\Playground\EpicRouteTest" classname="Tests.Feature.Playground.Matrix.Resource.Http.Controllers.Playground.EpicRouteTest" assertions="2" time="0.456243"/>
        <testcase name="test_admin_can_render_create_view_with_return_url" file="/app/vendor/gammamatrix/playground-test/src/Feature/Http/Controllers/Resource/Playground/CreateTrait.php" line="65" class="Tests\Feature\Playground\Matrix\Resource\Http\Controllers\Playground\EpicRouteTest" classname="Tests.Feature.Playground.Matrix.Resource.Http.Controllers.Playground.EpicRouteTest" assertions="3" time="0.427206"/>
        <testcase name="test_create_view_as_admin_with_invalid_parameter_and_fail_validation_and_redirect" file="/app/vendor/gammamatrix/playground-test/src/Feature/Http/Controllers/Resource/Playground/CreateTrait.php" line="92" class="Tests\Feature\Playground\Matrix\Resource\Http\Controllers\Playground\EpicRouteTest" classname="Tests.Feature.Playground.Matrix.Resource.Http.Controllers.Playground.EpicRouteTest" assertions="5" time="0.427269"/>
        <testcase name="test_json_guest_cannot_destroy" file="/app/vendor/gammamatrix/playground-test/src/Feature/Http/Controllers/Resource/Playground/DestroyJsonTrait.php" line="31" class="Tests\Feature\Playground\Matrix\Resource\Http\Controllers\Playground\EpicRouteTest" classname="Tests.Feature.Playground.Matrix.Resource.Http.Controllers.Playground.EpicRouteTest" assertions="3" time="0.410997"/>
        <testcase name="test_json_destroy_as_admin_and_succeed" file="/app/vendor/gammamatrix/playground-test/src/Feature/Http/Controllers/Resource/Playground/DestroyJsonTrait.php" line="61" class="Tests\Feature\Playground\Matrix\Resource\Http\Controllers\Playground\EpicRouteTest" classname="Tests.Feature.Playground.Matrix.Resource.Http.Controllers.Playground.EpicRouteTest" assertions="5" time="0.425468"/>
        <testcase name="test_json_destroy_as_admin_and_succeed_with_force_delete" file="/app/vendor/gammamatrix/playground-test/src/Feature/Http/Controllers/Resource/Playground/DestroyJsonTrait.php" line="100" class="Tests\Feature\Playground\Matrix\Resource\Http\Controllers\Playground\EpicRouteTest" classname="Tests.Feature.Playground.Matrix.Resource.Http.Controllers.Playground.EpicRouteTest" assertions="4" time="0.411209"/>
        <testcase name="test_json_destroy_as_admin_and_succeed_with_no_content" file="/app/vendor/gammamatrix/playground-test/src/Feature/Http/Controllers/Resource/Playground/DestroyJsonTrait.php" line="132" class="Tests\Feature\Playground\Matrix\Resource\Http\Controllers\Playground\EpicRouteTest" classname="Tests.Feature.Playground.Matrix.Resource.Http.Controllers.Playground.EpicRouteTest" assertions="5" time="0.437041"/>
        <testcase name="test_json_destroy_as_admin_and_succeed_and_ignore_redirect" file="/app/vendor/gammamatrix/playground-test/src/Feature/Http/Controllers/Resource/Playground/DestroyJsonTrait.php" line="167" class="Tests\Feature\Playground\Matrix\Resource\Http\Controllers\Playground\EpicRouteTest" classname="Tests.Feature.Playground.Matrix.Resource.Http.Controllers.Playground.EpicRouteTest" assertions="5" time="0.412971"/>
        <testcase name="test_json_destroy_as_user_and_get_denied_and_no_force_delete_allowed" file="/app/vendor/gammamatrix/playground-test/src/Feature/Http/Controllers/Resource/Playground/DestroyJsonTrait.php" line="209" class="Tests\Feature\Playground\Matrix\Resource\Http\Controllers\Playground\EpicRouteTest" classname="Tests.Feature.Playground.Matrix.Resource.Http.Controllers.Playground.EpicRouteTest" assertions="3" time="0.407677"/>
        <testcase name="test_guest_cannot_destroy" file="/app/vendor/gammamatrix/playground-test/src/Feature/Http/Controllers/Resource/Playground/DestroyTrait.php" line="31" class="Tests\Feature\Playground\Matrix\Resource\Http\Controllers\Playground\EpicRouteTest" classname="Tests.Feature.Playground.Matrix.Resource.Http.Controllers.Playground.EpicRouteTest" assertions="3" time="0.426942"/>
        <testcase name="test_destroy_as_admin_and_succeed" file="/app/vendor/gammamatrix/playground-test/src/Feature/Http/Controllers/Resource/Playground/DestroyTrait.php" line="61" class="Tests\Feature\Playground\Matrix\Resource\Http\Controllers\Playground\EpicRouteTest" classname="Tests.Feature.Playground.Matrix.Resource.Http.Controllers.Playground.EpicRouteTest" assertions="5" time="0.413759"/>
        <testcase name="test_destroy_as_admin_and_succeed_with_force_delete" file="/app/vendor/gammamatrix/playground-test/src/Feature/Http/Controllers/Resource/Playground/DestroyTrait.php" line="97" class="Tests\Feature\Playground\Matrix\Resource\Http\Controllers\Playground\EpicRouteTest" classname="Tests.Feature.Playground.Matrix.Resource.Http.Controllers.Playground.EpicRouteTest" assertions="4" time="0.429829"/>
        <testcase name="test_destroy_as_admin_and_succeed_with_redirect_to_index_with_trash" file="/app/vendor/gammamatrix/playground-test/src/Feature/Http/Controllers/Resource/Playground/DestroyTrait.php" line="129" class="Tests\Feature\Playground\Matrix\Resource\Http\Controllers\Playground\EpicRouteTest" classname="Tests.Feature.Playground.Matrix.Resource.Http.Controllers.Playground.EpicRouteTest" assertions="5" time="0.410100"/>
        <testcase name="test_destroy_as_user_and_get_denied_and_no_force_delete_allowed" file="/app/vendor/gammamatrix/playground-test/src/Feature/Http/Controllers/Resource/Playground/DestroyTrait.php" line="171" class="Tests\Feature\Playground\Matrix\Resource\Http\Controllers\Playground\EpicRouteTest" classname="Tests.Feature.Playground.Matrix.Resource.Http.Controllers.Playground.EpicRouteTest" assertions="3" time="0.428825"/>
        <testcase name="test_json_guest_cannot_get_edit_info" file="/app/vendor/gammamatrix/playground-test/src/Feature/Http/Controllers/Resource/Playground/EditJsonTrait.php" line="38" class="Tests\Feature\Playground\Matrix\Resource\Http\Controllers\Playground\EpicRouteTest" classname="Tests.Feature.Playground.Matrix.Resource.Http.Controllers.Playground.EpicRouteTest" assertions="1" time="0.437103"/>
        <testcase name="test_json_admin_can_get_edit_info" file="/app/vendor/gammamatrix/playground-test/src/Feature/Http/Controllers/Resource/Playground/EditJsonTrait.php" line="58" class="Tests\Feature\Playground\Matrix\Resource\Http\Controllers\Playground\EpicRouteTest" classname="Tests.Feature.Playground.Matrix.Resource.Http.Controllers.Playground.EpicRouteTest" assertions="4" time="0.428055"/>
        <testcase name="test_json_edit_as_admin_and_fail_validation_with_invalid_parameter" file="/app/vendor/gammamatrix/playground-test/src/Feature/Http/Controllers/Resource/Playground/EditJsonTrait.php" line="87" class="Tests\Feature\Playground\Matrix\Resource\Http\Controllers\Playground\EpicRouteTest" classname="Tests.Feature.Playground.Matrix.Resource.Http.Controllers.Playground.EpicRouteTest" assertions="4" time="0.436693"/>
        <testcase name="test_guest_cannot_render_edit_view" file="/app/vendor/gammamatrix/playground-test/src/Feature/Http/Controllers/Resource/Playground/EditTrait.php" line="33" class="Tests\Feature\Playground\Matrix\Resource\Http\Controllers\Playground\EpicRouteTest" classname="Tests.Feature.Playground.Matrix.Resource.Http.Controllers.Playground.EpicRouteTest" assertions="1" time="0.413203"/>
        <testcase name="test_admin_can_render_edit_view" file="/app/vendor/gammamatrix/playground-test/src/Feature/Http/Controllers/Resource/Playground/EditTrait.php" line="53" class="Tests\Feature\Playground\Matrix\Resource\Http\Controllers\Playground\EpicRouteTest" classname="Tests.Feature.Playground.Matrix.Resource.Http.Controllers.Playground.EpicRouteTest" assertions="2" time="0.468096"/>
        <testcase name="test_admin_can_render_edit_view_with_return_url" file="/app/vendor/gammamatrix/playground-test/src/Feature/Http/Controllers/Resource/Playground/EditTrait.php" line="77" class="Tests\Feature\Playground\Matrix\Resource\Http\Controllers\Playground\EpicRouteTest" classname="Tests.Feature.Playground.Matrix.Resource.Http.Controllers.Playground.EpicRouteTest" assertions="3" time="0.444592"/>
        <testcase name="test_edit_view_as_admin_with_invalid_parameter_and_fail_validation_and_redirect" file="/app/vendor/gammamatrix/playground-test/src/Feature/Http/Controllers/Resource/Playground/EditTrait.php" line="109" class="Tests\Feature\Playground\Matrix\Resource\Http\Controllers\Playground\EpicRouteTest" classname="Tests.Feature.Playground.Matrix.Resource.Http.Controllers.Playground.EpicRouteTest" assertions="4" time="0.421831"/>
        <testcase name="test_json_guest_cannot_get_index" file="/app/vendor/gammamatrix/playground-test/src/Feature/Http/Controllers/Resource/Playground/IndexJsonTrait.php" line="34" class="Tests\Feature\Playground\Matrix\Resource\Http\Controllers\Playground\EpicRouteTest" classname="Tests.Feature.Playground.Matrix.Resource.Http.Controllers.Playground.EpicRouteTest" assertions="1" time="0.460998"/>
        <testcase name="test_json_admin_can_get_index" file="/app/vendor/gammamatrix/playground-test/src/Feature/Http/Controllers/Resource/Playground/IndexJsonTrait.php" line="49" class="Tests\Feature\Playground\Matrix\Resource\Http\Controllers\Playground\EpicRouteTest" classname="Tests.Feature.Playground.Matrix.Resource.Http.Controllers.Playground.EpicRouteTest" assertions="98" time="0.439170"/>
        <testcase name="test_json_admin_can_get_index_with_filters" file="/app/vendor/gammamatrix/playground-test/src/Feature/Http/Controllers/Resource/Playground/IndexJsonTrait.php" line="85" class="Tests\Feature\Playground\Matrix\Resource\Http\Controllers\Playground\EpicRouteTest" classname="Tests.Feature.Playground.Matrix.Resource.Http.Controllers.Playground.EpicRouteTest" assertions="3" time="0.445892"/>
        <testcase name="test_guest_cannot_render_index_view" file="/app/vendor/gammamatrix/playground-test/src/Feature/Http/Controllers/Resource/Playground/IndexTrait.php" line="29" class="Tests\Feature\Playground\Matrix\Resource\Http\Controllers\Playground\EpicRouteTest" classname="Tests.Feature.Playground.Matrix.Resource.Http.Controllers.Playground.EpicRouteTest" assertions="1" time="0.403641"/>
        <testcase name="test_admin_can_render_index_view" file="/app/vendor/gammamatrix/playground-test/src/Feature/Http/Controllers/Resource/Playground/IndexTrait.php" line="44" class="Tests\Feature\Playground\Matrix\Resource\Http\Controllers\Playground\EpicRouteTest" classname="Tests.Feature.Playground.Matrix.Resource.Http.Controllers.Playground.EpicRouteTest" assertions="2" time="0.461322"/>
        <testcase name="test_admin_can_render_index_view_with_filters" file="/app/vendor/gammamatrix/playground-test/src/Feature/Http/Controllers/Resource/Playground/IndexTrait.php" line="77" class="Tests\Feature\Playground\Matrix\Resource\Http\Controllers\Playground\EpicRouteTest" classname="Tests.Feature.Playground.Matrix.Resource.Http.Controllers.Playground.EpicRouteTest" assertions="3" time="0.448933"/>
        <testcase name="test_json_guest_cannot_lock" file="/app/vendor/gammamatrix/playground-test/src/Feature/Http/Controllers/Resource/Playground/LockJsonTrait.php" line="36" class="Tests\Feature\Playground\Matrix\Resource\Http\Controllers\Playground\EpicRouteTest" classname="Tests.Feature.Playground.Matrix.Resource.Http.Controllers.Playground.EpicRouteTest" assertions="3" time="0.409127"/>
        <testcase name="test_json_lock_as_admin_and_succeed" file="/app/vendor/gammamatrix/playground-test/src/Feature/Http/Controllers/Resource/Playground/LockJsonTrait.php" line="66" class="Tests\Feature\Playground\Matrix\Resource\Http\Controllers\Playground\EpicRouteTest" classname="Tests.Feature.Playground.Matrix.Resource.Http.Controllers.Playground.EpicRouteTest" assertions="3" time="0.440602"/>
        <testcase name="test_json_lock_as_admin_and_succeed_with_no_redirect" file="/app/vendor/gammamatrix/playground-test/src/Feature/Http/Controllers/Resource/Playground/LockJsonTrait.php" line="98" class="Tests\Feature\Playground\Matrix\Resource\Http\Controllers\Playground\EpicRouteTest" classname="Tests.Feature.Playground.Matrix.Resource.Http.Controllers.Playground.EpicRouteTest" assertions="93" time="0.439070"/>
        <testcase name="test_json_lock_as_user_and_get_denied" file="/app/vendor/gammamatrix/playground-test/src/Feature/Http/Controllers/Resource/Playground/LockJsonTrait.php" line="143" class="Tests\Feature\Playground\Matrix\Resource\Http\Controllers\Playground\EpicRouteTest" classname="Tests.Feature.Playground.Matrix.Resource.Http.Controllers.Playground.EpicRouteTest" assertions="3" time="0.436653"/>
        <testcase name="test_guest_cannot_lock" file="/app/vendor/gammamatrix/playground-test/src/Feature/Http/Controllers/Resource/Playground/LockTrait.php" line="31" class="Tests\Feature\Playground\Matrix\Resource\Http\Controllers\Playground\EpicRouteTest" classname="Tests.Feature.Playground.Matrix.Resource.Http.Controllers.Playground.EpicRouteTest" assertions="3" time="0.413226"/>
        <testcase name="test_lock_as_admin_and_succeed" file="/app/vendor/gammamatrix/playground-test/src/Feature/Http/Controllers/Resource/Playground/LockTrait.php" line="61" class="Tests\Feature\Playground\Matrix\Resource\Http\Controllers\Playground\EpicRouteTest" classname="Tests.Feature.Playground.Matrix.Resource.Http.Controllers.Playground.EpicRouteTest" assertions="4" time="0.447129"/>
        <testcase name="test_lock_as_admin_and_succeed_with_redirect_to_index_with_sorted_by_locked_desc" file="/app/vendor/gammamatrix/playground-test/src/Feature/Http/Controllers/Resource/Playground/LockTrait.php" line="95" class="Tests\Feature\Playground\Matrix\Resource\Http\Controllers\Playground\EpicRouteTest" classname="Tests.Feature.Playground.Matrix.Resource.Http.Controllers.Playground.EpicRouteTest" assertions="4" time="0.431188"/>
        <testcase name="test_lock_as_user_and_get_denied" file="/app/vendor/gammamatrix/playground-test/src/Feature/Http/Controllers/Resource/Playground/LockTrait.php" line="132" class="Tests\Feature\Playground\Matrix\Resource\Http\Controllers\Playground\EpicRouteTest" classname="Tests.Feature.Playground.Matrix.Resource.Http.Controllers.Playground.EpicRouteTest" assertions="3" time="0.420801"/>
        <testcase name="test_json_guest_cannot_restore" file="/app/vendor/gammamatrix/playground-test/src/Feature/Http/Controllers/Resource/Playground/RestoreJsonTrait.php" line="32" class="Tests\Feature\Playground\Matrix\Resource\Http\Controllers\Playground\EpicRouteTest" classname="Tests.Feature.Playground.Matrix.Resource.Http.Controllers.Playground.EpicRouteTest" assertions="3" time="0.426242"/>
        <testcase name="test_json_restore_as_admin_and_succeed" file="/app/vendor/gammamatrix/playground-test/src/Feature/Http/Controllers/Resource/Playground/RestoreJsonTrait.php" line="64" class="Tests\Feature\Playground\Matrix\Resource\Http\Controllers\Playground\EpicRouteTest" classname="Tests.Feature.Playground.Matrix.Resource.Http.Controllers.Playground.EpicRouteTest" assertions="93" time="0.441261"/>
        <testcase name="test_json_restore_as_admin_and_succeed_with_no_redirect" file="/app/vendor/gammamatrix/playground-test/src/Feature/Http/Controllers/Resource/Playground/RestoreJsonTrait.php" line="100" class="Tests\Feature\Playground\Matrix\Resource\Http\Controllers\Playground\EpicRouteTest" classname="Tests.Feature.Playground.Matrix.Resource.Http.Controllers.Playground.EpicRouteTest" assertions="93" time="0.455927"/>
        <testcase name="test_json_restore_as_user_and_get_denied" file="/app/vendor/gammamatrix/playground-test/src/Feature/Http/Controllers/Resource/Playground/RestoreJsonTrait.php" line="143" class="Tests\Feature\Playground\Matrix\Resource\Http\Controllers\Playground\EpicRouteTest" classname="Tests.Feature.Playground.Matrix.Resource.Http.Controllers.Playground.EpicRouteTest" assertions="3" time="0.429883"/>
        <testcase name="test_guest_cannot_restore" file="/app/vendor/gammamatrix/playground-test/src/Feature/Http/Controllers/Resource/Playground/RestoreTrait.php" line="32" class="Tests\Feature\Playground\Matrix\Resource\Http\Controllers\Playground\EpicRouteTest" classname="Tests.Feature.Playground.Matrix.Resource.Http.Controllers.Playground.EpicRouteTest" assertions="3" time="0.437908"/>
        <testcase name="test_restore_as_admin_and_succeed" file="/app/vendor/gammamatrix/playground-test/src/Feature/Http/Controllers/Resource/Playground/RestoreTrait.php" line="64" class="Tests\Feature\Playground\Matrix\Resource\Http\Controllers\Playground\EpicRouteTest" classname="Tests.Feature.Playground.Matrix.Resource.Http.Controllers.Playground.EpicRouteTest" assertions="4" time="0.435642"/>
        <testcase name="test_restore_as_admin_and_succeed_with_redirect_to_index_with_only_trash" file="/app/vendor/gammamatrix/playground-test/src/Feature/Http/Controllers/Resource/Playground/RestoreTrait.php" line="100" class="Tests\Feature\Playground\Matrix\Resource\Http\Controllers\Playground\EpicRouteTest" classname="Tests.Feature.Playground.Matrix.Resource.Http.Controllers.Playground.EpicRouteTest" assertions="4" time="0.429587"/>
        <testcase name="test_restore_as_user_and_get_denied" file="/app/vendor/gammamatrix/playground-test/src/Feature/Http/Controllers/Resource/Playground/RestoreTrait.php" line="146" class="Tests\Feature\Playground\Matrix\Resource\Http\Controllers\Playground\EpicRouteTest" classname="Tests.Feature.Playground.Matrix.Resource.Http.Controllers.Playground.EpicRouteTest" assertions="3" time="0.438080"/>
        <testcase name="test_json_guest_cannot_see_info" file="/app/vendor/gammamatrix/playground-test/src/Feature/Http/Controllers/Resource/Playground/ShowJsonTrait.php" line="29" class="Tests\Feature\Playground\Matrix\Resource\Http\Controllers\Playground\EpicRouteTest" classname="Tests.Feature.Playground.Matrix.Resource.Http.Controllers.Playground.EpicRouteTest" assertions="1" time="0.412520"/>
        <testcase name="test_json_show_info_for_admin" file="/app/vendor/gammamatrix/playground-test/src/Feature/Http/Controllers/Resource/Playground/ShowJsonTrait.php" line="49" class="Tests\Feature\Playground\Matrix\Resource\Http\Controllers\Playground\EpicRouteTest" classname="Tests.Feature.Playground.Matrix.Resource.Http.Controllers.Playground.EpicRouteTest" assertions="92" time="0.457621"/>
        <testcase name="test_guest_cannot_render_show_view" file="/app/vendor/gammamatrix/playground-test/src/Feature/Http/Controllers/Resource/Playground/ShowTrait.php" line="29" class="Tests\Feature\Playground\Matrix\Resource\Http\Controllers\Playground\EpicRouteTest" classname="Tests.Feature.Playground.Matrix.Resource.Http.Controllers.Playground.EpicRouteTest" assertions="1" time="0.445311"/>
        <testcase name="test_show_view_rendered_by_admin" file="/app/vendor/gammamatrix/playground-test/src/Feature/Http/Controllers/Resource/Playground/ShowTrait.php" line="49" class="Tests\Feature\Playground\Matrix\Resource\Http\Controllers\Playground\EpicRouteTest" classname="Tests.Feature.Playground.Matrix.Resource.Http.Controllers.Playground.EpicRouteTest" assertions="2" time="0.486465"/>
        <testcase name="test_json_guest_cannot_unlock" file="/app/vendor/gammamatrix/playground-test/src/Feature/Http/Controllers/Resource/Playground/UnlockJsonTrait.php" line="36" class="Tests\Feature\Playground\Matrix\Resource\Http\Controllers\Playground\EpicRouteTest" classname="Tests.Feature.Playground.Matrix.Resource.Http.Controllers.Playground.EpicRouteTest" assertions="3" time="0.412562"/>
        <testcase name="test_json_unlock_as_admin_and_succeed" file="/app/vendor/gammamatrix/playground-test/src/Feature/Http/Controllers/Resource/Playground/UnlockJsonTrait.php" line="68" class="Tests\Feature\Playground\Matrix\Resource\Http\Controllers\Playground\EpicRouteTest" classname="Tests.Feature.Playground.Matrix.Resource.Http.Controllers.Playground.EpicRouteTest" assertions="93" time="0.430270"/>
        <testcase name="test_json_unlock_as_admin_and_succeed_with_no_redirect" file="/app/vendor/gammamatrix/playground-test/src/Feature/Http/Controllers/Resource/Playground/UnlockJsonTrait.php" line="104" class="Tests\Feature\Playground\Matrix\Resource\Http\Controllers\Playground\EpicRouteTest" classname="Tests.Feature.Playground.Matrix.Resource.Http.Controllers.Playground.EpicRouteTest" assertions="93" time="0.444739"/>
        <testcase name="test_json_unlock_as_user_and_get_denied" file="/app/vendor/gammamatrix/playground-test/src/Feature/Http/Controllers/Resource/Playground/UnlockJsonTrait.php" line="145" class="Tests\Feature\Playground\Matrix\Resource\Http\Controllers\Playground\EpicRouteTest" classname="Tests.Feature.Playground.Matrix.Resource.Http.Controllers.Playground.EpicRouteTest" assertions="3" time="0.416737"/>
        <testcase name="test_guest_cannot_unlock" file="/app/vendor/gammamatrix/playground-test/src/Feature/Http/Controllers/Resource/Playground/UnlockTrait.php" line="36" class="Tests\Feature\Playground\Matrix\Resource\Http\Controllers\Playground\EpicRouteTest" classname="Tests.Feature.Playground.Matrix.Resource.Http.Controllers.Playground.EpicRouteTest" assertions="3" time="0.437854"/>
        <testcase name="test_unlock_as_admin_and_succeed" file="/app/vendor/gammamatrix/playground-test/src/Feature/Http/Controllers/Resource/Playground/UnlockTrait.php" line="68" class="Tests\Feature\Playground\Matrix\Resource\Http\Controllers\Playground\EpicRouteTest" classname="Tests.Feature.Playground.Matrix.Resource.Http.Controllers.Playground.EpicRouteTest" assertions="4" time="0.423300"/>
        <testcase name="test_unlock_as_admin_and_succeed_with_redirect_to_index_with_sorted_by_unlocked_desc" file="/app/vendor/gammamatrix/playground-test/src/Feature/Http/Controllers/Resource/Playground/UnlockTrait.php" line="109" class="Tests\Feature\Playground\Matrix\Resource\Http\Controllers\Playground\EpicRouteTest" classname="Tests.Feature.Playground.Matrix.Resource.Http.Controllers.Playground.EpicRouteTest" assertions="4" time="0.441825"/>
        <testcase name="test_unlock_as_user_and_get_denied" file="/app/vendor/gammamatrix/playground-test/src/Feature/Http/Controllers/Resource/Playground/UnlockTrait.php" line="148" class="Tests\Feature\Playground\Matrix\Resource\Http\Controllers\Playground\EpicRouteTest" classname="Tests.Feature.Playground.Matrix.Resource.Http.Controllers.Playground.EpicRouteTest" assertions="3" time="0.417595"/>
      </testsuite>
      <testsuite name="Tests\Feature\Playground\Matrix\Resource\Http\Controllers\Playground\FlowRouteTest" file="/app/tests/Feature/Http/Controllers/Playground/FlowRouteTest.php" tests="59" assertions="775" errors="0" failures="0" skipped="0" time="25.564913">
        <testcase name="test_json_guest_cannot_get_create_info" file="/app/vendor/gammamatrix/playground-test/src/Feature/Http/Controllers/Resource/Playground/CreateJsonTrait.php" line="38" class="Tests\Feature\Playground\Matrix\Resource\Http\Controllers\Playground\FlowRouteTest" classname="Tests.Feature.Playground.Matrix.Resource.Http.Controllers.Playground.FlowRouteTest" assertions="1" time="0.454527"/>
        <testcase name="test_json_admin_can_get_create_info" file="/app/vendor/gammamatrix/playground-test/src/Feature/Http/Controllers/Resource/Playground/CreateJsonTrait.php" line="53" class="Tests\Feature\Playground\Matrix\Resource\Http\Controllers\Playground\FlowRouteTest" classname="Tests.Feature.Playground.Matrix.Resource.Http.Controllers.Playground.FlowRouteTest" assertions="75" time="0.433574"/>
        <testcase name="test_json_get_create_info_as_admin_with_invalid_parameter_and_fail_validation" file="/app/vendor/gammamatrix/playground-test/src/Feature/Http/Controllers/Resource/Playground/CreateJsonTrait.php" line="73" class="Tests\Feature\Playground\Matrix\Resource\Http\Controllers\Playground\FlowRouteTest" classname="Tests.Feature.Playground.Matrix.Resource.Http.Controllers.Playground.FlowRouteTest" assertions="4" time="0.404042"/>
        <testcase name="test_guest_cannot_render_create_view" file="/app/vendor/gammamatrix/playground-test/src/Feature/Http/Controllers/Resource/Playground/CreateTrait.php" line="33" class="Tests\Feature\Playground\Matrix\Resource\Http\Controllers\Playground\FlowRouteTest" classname="Tests.Feature.Playground.Matrix.Resource.Http.Controllers.Playground.FlowRouteTest" assertions="1" time="0.412808"/>
        <testcase name="test_admin_can_render_create_view" file="/app/vendor/gammamatrix/playground-test/src/Feature/Http/Controllers/Resource/Playground/CreateTrait.php" line="47" class="Tests\Feature\Playground\Matrix\Resource\Http\Controllers\Playground\FlowRouteTest" classname="Tests.Feature.Playground.Matrix.Resource.Http.Controllers.Playground.FlowRouteTest" assertions="2" time="0.450642"/>
        <testcase name="test_admin_can_render_create_view_with_return_url" file="/app/vendor/gammamatrix/playground-test/src/Feature/Http/Controllers/Resource/Playground/CreateTrait.php" line="65" class="Tests\Feature\Playground\Matrix\Resource\Http\Controllers\Playground\FlowRouteTest" classname="Tests.Feature.Playground.Matrix.Resource.Http.Controllers.Playground.FlowRouteTest" assertions="3" time="0.423056"/>
        <testcase name="test_create_view_as_admin_with_invalid_parameter_and_fail_validation_and_redirect" file="/app/vendor/gammamatrix/playground-test/src/Feature/Http/Controllers/Resource/Playground/CreateTrait.php" line="92" class="Tests\Feature\Playground\Matrix\Resource\Http\Controllers\Playground\FlowRouteTest" classname="Tests.Feature.Playground.Matrix.Resource.Http.Controllers.Playground.FlowRouteTest" assertions="5" time="0.426681"/>
[...]
        <testcase name="test_json_destroy_as_user_and_get_denied_and_no_force_delete_allowed" file="/app/vendor/gammamatrix/playground-test/src/Feature/Http/Controllers/Resource/Playground/DestroyJsonTrait.php" line="209" class="Tests\Feature\Playground\Matrix\Resource\Http\Controllers\Playground\VersionRouteTest" classname="Tests.Feature.Playground.Matrix.Resource.Http.Controllers.Playground.VersionRouteTest" assertions="3" time="0.500326"/>
        <testcase name="test_guest_cannot_destroy" file="/app/vendor/gammamatrix/playground-test/src/Feature/Http/Controllers/Resource/Playground/DestroyTrait.php" line="31" class="Tests\Feature\Playground\Matrix\Resource\Http\Controllers\Playground\VersionRouteTest" classname="Tests.Feature.Playground.Matrix.Resource.Http.Controllers.Playground.VersionRouteTest" assertions="3" time="0.409312"/>
        <testcase name="test_destroy_as_admin_and_succeed" file="/app/vendor/gammamatrix/playground-test/src/Feature/Http/Controllers/Resource/Playground/DestroyTrait.php" line="61" class="Tests\Feature\Playground\Matrix\Resource\Http\Controllers\Playground\VersionRouteTest" classname="Tests.Feature.Playground.Matrix.Resource.Http.Controllers.Playground.VersionRouteTest" assertions="5" time="0.509648"/>
        <testcase name="test_destroy_as_admin_and_succeed_with_force_delete" file="/app/vendor/gammamatrix/playground-test/src/Feature/Http/Controllers/Resource/Playground/DestroyTrait.php" line="97" class="Tests\Feature\Playground\Matrix\Resource\Http\Controllers\Playground\VersionRouteTest" classname="Tests.Feature.Playground.Matrix.Resource.Http.Controllers.Playground.VersionRouteTest" assertions="4" time="0.423322"/>
        <testcase name="test_destroy_as_admin_and_succeed_with_redirect_to_index_with_trash" file="/app/vendor/gammamatrix/playground-test/src/Feature/Http/Controllers/Resource/Playground/DestroyTrait.php" line="129" class="Tests\Feature\Playground\Matrix\Resource\Http\Controllers\Playground\VersionRouteTest" classname="Tests.Feature.Playground.Matrix.Resource.Http.Controllers.Playground.VersionRouteTest" assertions="5" time="0.415828"/>
        <testcase name="test_destroy_as_user_and_get_denied_and_no_force_delete_allowed" file="/app/vendor/gammamatrix/playground-test/src/Feature/Http/Controllers/Resource/Playground/DestroyTrait.php" line="171" class="Tests\Feature\Playground\Matrix\Resource\Http\Controllers\Playground\VersionRouteTest" classname="Tests.Feature.Playground.Matrix.Resource.Http.Controllers.Playground.VersionRouteTest" assertions="3" time="0.492722"/>
        <testcase name="test_json_guest_cannot_get_edit_info" file="/app/vendor/gammamatrix/playground-test/src/Feature/Http/Controllers/Resource/Playground/EditJsonTrait.php" line="38" class="Tests\Feature\Playground\Matrix\Resource\Http\Controllers\Playground\VersionRouteTest" classname="Tests.Feature.Playground.Matrix.Resource.Http.Controllers.Playground.VersionRouteTest" assertions="1" time="0.431132"/>
        <testcase name="test_json_admin_can_get_edit_info" file="/app/vendor/gammamatrix/playground-test/src/Feature/Http/Controllers/Resource/Playground/EditJsonTrait.php" line="58" class="Tests\Feature\Playground\Matrix\Resource\Http\Controllers\Playground\VersionRouteTest" classname="Tests.Feature.Playground.Matrix.Resource.Http.Controllers.Playground.VersionRouteTest" assertions="4" time="0.519114"/>
        <testcase name="test_json_edit_as_admin_and_fail_validation_with_invalid_parameter" file="/app/vendor/gammamatrix/playground-test/src/Feature/Http/Controllers/Resource/Playground/EditJsonTrait.php" line="87" class="Tests\Feature\Playground\Matrix\Resource\Http\Controllers\Playground\VersionRouteTest" classname="Tests.Feature.Playground.Matrix.Resource.Http.Controllers.Playground.VersionRouteTest" assertions="4" time="0.430885"/>
        <testcase name="test_guest_cannot_render_edit_view" file="/app/vendor/gammamatrix/playground-test/src/Feature/Http/Controllers/Resource/Playground/EditTrait.php" line="33" class="Tests\Feature\Playground\Matrix\Resource\Http\Controllers\Playground\VersionRouteTest" classname="Tests.Feature.Playground.Matrix.Resource.Http.Controllers.Playground.VersionRouteTest" assertions="1" time="0.496341"/>
        <testcase name="test_admin_can_render_edit_view" file="/app/vendor/gammamatrix/playground-test/src/Feature/Http/Controllers/Resource/Playground/EditTrait.php" line="53" class="Tests\Feature\Playground\Matrix\Resource\Http\Controllers\Playground\VersionRouteTest" classname="Tests.Feature.Playground.Matrix.Resource.Http.Controllers.Playground.VersionRouteTest" assertions="2" time="0.451420"/>
        <testcase name="test_admin_can_render_edit_view_with_return_url" file="/app/vendor/gammamatrix/playground-test/src/Feature/Http/Controllers/Resource/Playground/EditTrait.php" line="77" class="Tests\Feature\Playground\Matrix\Resource\Http\Controllers\Playground\VersionRouteTest" classname="Tests.Feature.Playground.Matrix.Resource.Http.Controllers.Playground.VersionRouteTest" assertions="3" time="0.446612"/>
        <testcase name="test_edit_view_as_admin_with_invalid_parameter_and_fail_validation_and_redirect" file="/app/vendor/gammamatrix/playground-test/src/Feature/Http/Controllers/Resource/Playground/EditTrait.php" line="109" class="Tests\Feature\Playground\Matrix\Resource\Http\Controllers\Playground\VersionRouteTest" classname="Tests.Feature.Playground.Matrix.Resource.Http.Controllers.Playground.VersionRouteTest" assertions="4" time="0.512102"/>
        <testcase name="test_json_guest_cannot_get_index" file="/app/vendor/gammamatrix/playground-test/src/Feature/Http/Controllers/Resource/Playground/IndexJsonTrait.php" line="34" class="Tests\Feature\Playground\Matrix\Resource\Http\Controllers\Playground\VersionRouteTest" classname="Tests.Feature.Playground.Matrix.Resource.Http.Controllers.Playground.VersionRouteTest" assertions="1" time="0.450610"/>
        <testcase name="test_json_admin_can_get_index" file="/app/vendor/gammamatrix/playground-test/src/Feature/Http/Controllers/Resource/Playground/IndexJsonTrait.php" line="49" class="Tests\Feature\Playground\Matrix\Resource\Http\Controllers\Playground\VersionRouteTest" classname="Tests.Feature.Playground.Matrix.Resource.Http.Controllers.Playground.VersionRouteTest" assertions="98" time="0.529615"/>
        <testcase name="test_json_admin_can_get_index_with_filters" file="/app/vendor/gammamatrix/playground-test/src/Feature/Http/Controllers/Resource/Playground/IndexJsonTrait.php" line="85" class="Tests\Feature\Playground\Matrix\Resource\Http\Controllers\Playground\VersionRouteTest" classname="Tests.Feature.Playground.Matrix.Resource.Http.Controllers.Playground.VersionRouteTest" assertions="3" time="0.433739"/>
        <testcase name="test_guest_cannot_render_index_view" file="/app/vendor/gammamatrix/playground-test/src/Feature/Http/Controllers/Resource/Playground/IndexTrait.php" line="29" class="Tests\Feature\Playground\Matrix\Resource\Http\Controllers\Playground\VersionRouteTest" classname="Tests.Feature.Playground.Matrix.Resource.Http.Controllers.Playground.VersionRouteTest" assertions="1" time="0.478851"/>
        <testcase name="test_admin_can_render_index_view" file="/app/vendor/gammamatrix/playground-test/src/Feature/Http/Controllers/Resource/Playground/IndexTrait.php" line="44" class="Tests\Feature\Playground\Matrix\Resource\Http\Controllers\Playground\VersionRouteTest" classname="Tests.Feature.Playground.Matrix.Resource.Http.Controllers.Playground.VersionRouteTest" assertions="2" time="0.461234"/>
        <testcase name="test_admin_can_render_index_view_with_filters" file="/app/vendor/gammamatrix/playground-test/src/Feature/Http/Controllers/Resource/Playground/IndexTrait.php" line="77" class="Tests\Feature\Playground\Matrix\Resource\Http\Controllers\Playground\VersionRouteTest" classname="Tests.Feature.Playground.Matrix.Resource.Http.Controllers.Playground.VersionRouteTest" assertions="3" time="0.539805"/>
        <testcase name="test_json_guest_cannot_lock" file="/app/vendor/gammamatrix/playground-test/src/Feature/Http/Controllers/Resource/Playground/LockJsonTrait.php" line="36" class="Tests\Feature\Playground\Matrix\Resource\Http\Controllers\Playground\VersionRouteTest" classname="Tests.Feature.Playground.Matrix.Resource.Http.Controllers.Playground.VersionRouteTest" assertions="3" time="0.412532"/>
        <testcase name="test_json_lock_as_admin_and_succeed" file="/app/vendor/gammamatrix/playground-test/src/Feature/Http/Controllers/Resource/Playground/LockJsonTrait.php" line="66" class="Tests\Feature\Playground\Matrix\Resource\Http\Controllers\Playground\VersionRouteTest" classname="Tests.Feature.Playground.Matrix.Resource.Http.Controllers.Playground.VersionRouteTest" assertions="3" time="0.425811"/>
        <testcase name="test_json_lock_as_admin_and_succeed_with_no_redirect" file="/app/vendor/gammamatrix/playground-test/src/Feature/Http/Controllers/Resource/Playground/LockJsonTrait.php" line="98" class="Tests\Feature\Playground\Matrix\Resource\Http\Controllers\Playground\VersionRouteTest" classname="Tests.Feature.Playground.Matrix.Resource.Http.Controllers.Playground.VersionRouteTest" assertions="93" time="0.523969"/>
        <testcase name="test_json_lock_as_user_and_get_denied" file="/app/vendor/gammamatrix/playground-test/src/Feature/Http/Controllers/Resource/Playground/LockJsonTrait.php" line="143" class="Tests\Feature\Playground\Matrix\Resource\Http\Controllers\Playground\VersionRouteTest" classname="Tests.Feature.Playground.Matrix.Resource.Http.Controllers.Playground.VersionRouteTest" assertions="3" time="0.433304"/>
        <testcase name="test_guest_cannot_lock" file="/app/vendor/gammamatrix/playground-test/src/Feature/Http/Controllers/Resource/Playground/LockTrait.php" line="31" class="Tests\Feature\Playground\Matrix\Resource\Http\Controllers\Playground\VersionRouteTest" classname="Tests.Feature.Playground.Matrix.Resource.Http.Controllers.Playground.VersionRouteTest" assertions="3" time="0.500045"/>
        <testcase name="test_lock_as_admin_and_succeed" file="/app/vendor/gammamatrix/playground-test/src/Feature/Http/Controllers/Resource/Playground/LockTrait.php" line="61" class="Tests\Feature\Playground\Matrix\Resource\Http\Controllers\Playground\VersionRouteTest" classname="Tests.Feature.Playground.Matrix.Resource.Http.Controllers.Playground.VersionRouteTest" assertions="4" time="0.423467"/>
        <testcase name="test_lock_as_admin_and_succeed_with_redirect_to_index_with_sorted_by_locked_desc" file="/app/vendor/gammamatrix/playground-test/src/Feature/Http/Controllers/Resource/Playground/LockTrait.php" line="95" class="Tests\Feature\Playground\Matrix\Resource\Http\Controllers\Playground\VersionRouteTest" classname="Tests.Feature.Playground.Matrix.Resource.Http.Controllers.Playground.VersionRouteTest" assertions="4" time="0.435835"/>
        <testcase name="test_lock_as_user_and_get_denied" file="/app/vendor/gammamatrix/playground-test/src/Feature/Http/Controllers/Resource/Playground/LockTrait.php" line="132" class="Tests\Feature\Playground\Matrix\Resource\Http\Controllers\Playground\VersionRouteTest" classname="Tests.Feature.Playground.Matrix.Resource.Http.Controllers.Playground.VersionRouteTest" assertions="3" time="0.495603"/>
        <testcase name="test_json_guest_cannot_restore" file="/app/vendor/gammamatrix/playground-test/src/Feature/Http/Controllers/Resource/Playground/RestoreJsonTrait.php" line="32" class="Tests\Feature\Playground\Matrix\Resource\Http\Controllers\Playground\VersionRouteTest" classname="Tests.Feature.Playground.Matrix.Resource.Http.Controllers.Playground.VersionRouteTest" assertions="3" time="0.414238"/>
        <testcase name="test_json_restore_as_admin_and_succeed" file="/app/vendor/gammamatrix/playground-test/src/Feature/Http/Controllers/Resource/Playground/RestoreJsonTrait.php" line="64" class="Tests\Feature\Playground\Matrix\Resource\Http\Controllers\Playground\VersionRouteTest" classname="Tests.Feature.Playground.Matrix.Resource.Http.Controllers.Playground.VersionRouteTest" assertions="93" time="0.525515"/>
        <testcase name="test_json_restore_as_admin_and_succeed_with_no_redirect" file="/app/vendor/gammamatrix/playground-test/src/Feature/Http/Controllers/Resource/Playground/RestoreJsonTrait.php" line="100" class="Tests\Feature\Playground\Matrix\Resource\Http\Controllers\Playground\VersionRouteTest" classname="Tests.Feature.Playground.Matrix.Resource.Http.Controllers.Playground.VersionRouteTest" assertions="93" time="0.437496"/>
        <testcase name="test_json_restore_as_user_and_get_denied" file="/app/vendor/gammamatrix/playground-test/src/Feature/Http/Controllers/Resource/Playground/RestoreJsonTrait.php" line="143" class="Tests\Feature\Playground\Matrix\Resource\Http\Controllers\Playground\VersionRouteTest" classname="Tests.Feature.Playground.Matrix.Resource.Http.Controllers.Playground.VersionRouteTest" assertions="3" time="0.517104"/>
        <testcase name="test_guest_cannot_restore" file="/app/vendor/gammamatrix/playground-test/src/Feature/Http/Controllers/Resource/Playground/RestoreTrait.php" line="32" class="Tests\Feature\Playground\Matrix\Resource\Http\Controllers\Playground\VersionRouteTest" classname="Tests.Feature.Playground.Matrix.Resource.Http.Controllers.Playground.VersionRouteTest" assertions="3" time="0.412795"/>
        <testcase name="test_restore_as_admin_and_succeed" file="/app/vendor/gammamatrix/playground-test/src/Feature/Http/Controllers/Resource/Playground/RestoreTrait.php" line="64" class="Tests\Feature\Playground\Matrix\Resource\Http\Controllers\Playground\VersionRouteTest" classname="Tests.Feature.Playground.Matrix.Resource.Http.Controllers.Playground.VersionRouteTest" assertions="4" time="0.424263"/>
        <testcase name="test_restore_as_admin_and_succeed_with_redirect_to_index_with_only_trash" file="/app/vendor/gammamatrix/playground-test/src/Feature/Http/Controllers/Resource/Playground/RestoreTrait.php" line="100" class="Tests\Feature\Playground\Matrix\Resource\Http\Controllers\Playground\VersionRouteTest" classname="Tests.Feature.Playground.Matrix.Resource.Http.Controllers.Playground.VersionRouteTest" assertions="4" time="0.512054"/>
        <testcase name="test_restore_as_user_and_get_denied" file="/app/vendor/gammamatrix/playground-test/src/Feature/Http/Controllers/Resource/Playground/RestoreTrait.php" line="146" class="Tests\Feature\Playground\Matrix\Resource\Http\Controllers\Playground\VersionRouteTest" classname="Tests.Feature.Playground.Matrix.Resource.Http.Controllers.Playground.VersionRouteTest" assertions="3" time="0.423056"/>
        <testcase name="test_json_guest_cannot_see_info" file="/app/vendor/gammamatrix/playground-test/src/Feature/Http/Controllers/Resource/Playground/ShowJsonTrait.php" line="29" class="Tests\Feature\Playground\Matrix\Resource\Http\Controllers\Playground\VersionRouteTest" classname="Tests.Feature.Playground.Matrix.Resource.Http.Controllers.Playground.VersionRouteTest" assertions="1" time="0.503424"/>
        <testcase name="test_json_show_info_for_admin" file="/app/vendor/gammamatrix/playground-test/src/Feature/Http/Controllers/Resource/Playground/ShowJsonTrait.php" line="49" class="Tests\Feature\Playground\Matrix\Resource\Http\Controllers\Playground\VersionRouteTest" classname="Tests.Feature.Playground.Matrix.Resource.Http.Controllers.Playground.VersionRouteTest" assertions="92" time="0.438142"/>
        <testcase name="test_guest_cannot_render_show_view" file="/app/vendor/gammamatrix/playground-test/src/Feature/Http/Controllers/Resource/Playground/ShowTrait.php" line="29" class="Tests\Feature\Playground\Matrix\Resource\Http\Controllers\Playground\VersionRouteTest" classname="Tests.Feature.Playground.Matrix.Resource.Http.Controllers.Playground.VersionRouteTest" assertions="1" time="0.497404"/>
        <testcase name="test_show_view_rendered_by_admin" file="/app/vendor/gammamatrix/playground-test/src/Feature/Http/Controllers/Resource/Playground/ShowTrait.php" line="49" class="Tests\Feature\Playground\Matrix\Resource\Http\Controllers\Playground\VersionRouteTest" classname="Tests.Feature.Playground.Matrix.Resource.Http.Controllers.Playground.VersionRouteTest" assertions="2" time="0.437791"/>
        <testcase name="test_json_guest_cannot_unlock" file="/app/vendor/gammamatrix/playground-test/src/Feature/Http/Controllers/Resource/Playground/UnlockJsonTrait.php" line="36" class="Tests\Feature\Playground\Matrix\Resource\Http\Controllers\Playground\VersionRouteTest" classname="Tests.Feature.Playground.Matrix.Resource.Http.Controllers.Playground.VersionRouteTest" assertions="3" time="0.422790"/>
        <testcase name="test_json_unlock_as_admin_and_succeed" file="/app/vendor/gammamatrix/playground-test/src/Feature/Http/Controllers/Resource/Playground/UnlockJsonTrait.php" line="68" class="Tests\Feature\Playground\Matrix\Resource\Http\Controllers\Playground\VersionRouteTest" classname="Tests.Feature.Playground.Matrix.Resource.Http.Controllers.Playground.VersionRouteTest" assertions="93" time="0.532626"/>
        <testcase name="test_json_unlock_as_admin_and_succeed_with_no_redirect" file="/app/vendor/gammamatrix/playground-test/src/Feature/Http/Controllers/Resource/Playground/UnlockJsonTrait.php" line="104" class="Tests\Feature\Playground\Matrix\Resource\Http\Controllers\Playground\VersionRouteTest" classname="Tests.Feature.Playground.Matrix.Resource.Http.Controllers.Playground.VersionRouteTest" assertions="93" time="0.435318"/>
        <testcase name="test_json_unlock_as_user_and_get_denied" file="/app/vendor/gammamatrix/playground-test/src/Feature/Http/Controllers/Resource/Playground/UnlockJsonTrait.php" line="145" class="Tests\Feature\Playground\Matrix\Resource\Http\Controllers\Playground\VersionRouteTest" classname="Tests.Feature.Playground.Matrix.Resource.Http.Controllers.Playground.VersionRouteTest" assertions="3" time="0.500941"/>
        <testcase name="test_guest_cannot_unlock" file="/app/vendor/gammamatrix/playground-test/src/Feature/Http/Controllers/Resource/Playground/UnlockTrait.php" line="36" class="Tests\Feature\Playground\Matrix\Resource\Http\Controllers\Playground\VersionRouteTest" classname="Tests.Feature.Playground.Matrix.Resource.Http.Controllers.Playground.VersionRouteTest" assertions="3" time="0.413573"/>
        <testcase name="test_unlock_as_admin_and_succeed" file="/app/vendor/gammamatrix/playground-test/src/Feature/Http/Controllers/Resource/Playground/UnlockTrait.php" line="68" class="Tests\Feature\Playground\Matrix\Resource\Http\Controllers\Playground\VersionRouteTest" classname="Tests.Feature.Playground.Matrix.Resource.Http.Controllers.Playground.VersionRouteTest" assertions="4" time="0.535977"/>
        <testcase name="test_unlock_as_admin_and_succeed_with_redirect_to_index_with_sorted_by_unlocked_desc" file="/app/vendor/gammamatrix/playground-test/src/Feature/Http/Controllers/Resource/Playground/UnlockTrait.php" line="109" class="Tests\Feature\Playground\Matrix\Resource\Http\Controllers\Playground\VersionRouteTest" classname="Tests.Feature.Playground.Matrix.Resource.Http.Controllers.Playground.VersionRouteTest" assertions="4" time="0.429319"/>
        <testcase name="test_unlock_as_user_and_get_denied" file="/app/vendor/gammamatrix/playground-test/src/Feature/Http/Controllers/Resource/Playground/UnlockTrait.php" line="148" class="Tests\Feature\Playground\Matrix\Resource\Http\Controllers\Playground\VersionRouteTest" classname="Tests.Feature.Playground.Matrix.Resource.Http.Controllers.Playground.VersionRouteTest" assertions="3" time="0.421539"/>
      </testsuite>
    </testsuite>
  </testsuite>
</testsuites>
